[03:57:35] [modloading-worker-0/INFO] ========================================
[03:57:35] [modloading-worker-0/INFO] Minecraft: 1.18.2
[03:57:35] [modloading-worker-0/INFO] Side: server
[03:57:35] [modloading-worker-0/INFO] Development: false
[03:57:35] [modloading-worker-0/INFO] Version: 8.3.667
[03:57:35] [modloading-worker-0/INFO] Loader:
[03:57:35] [modloading-worker-0/INFO] - Forge: 40.2.17
[03:57:35] [modloading-worker-0/INFO] Dependencies:
[03:57:35] [modloading-worker-0/INFO] - Cloth Config: 6.4.90
[03:57:35] [modloading-worker-0/INFO] - Architectury: 4.11.93
[03:57:35] [modloading-worker-0/INFO] Mixin: 0.8.5
[03:57:35] [modloading-worker-0/INFO] OS: Linux 6.2.0-1019-azure (amd64)
[03:57:35] [modloading-worker-0/INFO] Java: 21.0.2 (Microsoft)
[03:57:35] [modloading-worker-0/INFO] ========================================
[03:57:35] [modloading-worker-0/INFO] Mods:
[03:57:35] [modloading-worker-0/INFO] - adaptive_performance_tweaks_core: 3.22.1
[03:57:35] [modloading-worker-0/INFO] - adaptive_performance_tweaks_items: 3.21.0
[03:57:35] [modloading-worker-0/INFO] - afptweaks: 1.18.2-1.2.4
[03:57:35] [modloading-worker-0/INFO] - ageingspawners: 1.2.4
[03:57:35] [modloading-worker-0/INFO] - aiimprovements: 0.5.2
[03:57:35] [modloading-worker-0/INFO] - alexsdelight: 1.3.3
[03:57:35] [modloading-worker-0/INFO] - alexsmobs: 1.18.6
[03:57:35] [modloading-worker-0/INFO] - alternate_current: 0.0NONE
[03:57:35] [modloading-worker-0/INFO] - ambientsounds: 5.0.16
[03:57:35] [modloading-worker-0/INFO] - antiqueatlas: 7.1.1-forge-mc1.18.2
[03:57:35] [modloading-worker-0/INFO] - apotheosis: 5.8.1
[03:57:35] [modloading-worker-0/INFO] - aquamirae: 5.api10
[03:57:35] [modloading-worker-0/INFO] - architectury: 4.11.93
[03:57:35] [modloading-worker-0/INFO] - areas: 5.0
[03:57:35] [modloading-worker-0/INFO] - armorcurve: 3.0
[03:57:35] [modloading-worker-0/INFO] - armoreablemobs: 1.0.5
[03:57:35] [modloading-worker-0/INFO] - ars_nouveau: 2.9.0
[03:57:35] [modloading-worker-0/INFO] - atlaslib: 1.1.7a
[03:57:35] [modloading-worker-0/INFO] - attributefix: 14.0.2
[03:57:35] [modloading-worker-0/INFO] - autoreglib: 1.7-53
[03:57:35] [modloading-worker-0/INFO] - auudio: 1.0.3
[03:57:35] [modloading-worker-0/INFO] - awesomedungeonnether: 1.0.2
[03:57:35] [modloading-worker-0/INFO] - ba_bt: 1.18.2-2.3.12
[03:57:35] [modloading-worker-0/INFO] - badmobs: 13.01
[03:57:35] [modloading-worker-0/INFO] - balm: 3.2.6
[03:57:35] [modloading-worker-0/INFO] - bcc: 1.1.21-build.48+mc1.18.2
[03:57:35] [modloading-worker-0/INFO] - betterbiomeblend: 1.3.5-forge
[03:57:35] [modloading-worker-0/INFO] - betterdeserttemples: 1.18.2-Forge-1.3.1
[03:57:35] [modloading-worker-0/INFO] - betterdungeons: 1.18.2-Forge-2.1.0
[03:57:35] [modloading-worker-0/INFO] - betterfortresses: 1.18.2-Forge-1.0.0
[03:57:35] [modloading-worker-0/INFO] - bettergolem: 1.18.2-1.1.0
[03:57:35] [modloading-worker-0/INFO] - bettermineshafts: 1.18.2-Forge-2.2
[03:57:35] [modloading-worker-0/INFO] - betteroceanmonuments: 1.18.2-Forge-1.0.3
[03:57:35] [modloading-worker-0/INFO] - betterstrongholds: 1.18.2-Forge-2.1.1
[03:57:35] [modloading-worker-0/INFO] - bettervillage: 1
[03:57:35] [modloading-worker-0/INFO] - betterwitchhuts: 1.18.2-Forge-1.0.1
[03:57:35] [modloading-worker-0/INFO] - biomemakeover: 1.18.2-1.4.32
[03:57:35] [modloading-worker-0/INFO] - bloodandmadness: 2.0
[03:57:35] [modloading-worker-0/INFO] - blue_skies: 1.3.12
[03:57:35] [modloading-worker-0/INFO] - blueprint: 5.5.0
[03:57:35] [modloading-worker-0/INFO] - bookshelf: 13.3.56
[03:57:35] [modloading-worker-0/INFO] - braincell: 1.18
[03:57:35] [modloading-worker-0/INFO] - brutalbosses: 1.18.2-5.8
[03:57:35] [modloading-worker-0/INFO] - bwncr: 3.13.21
[03:57:35] [modloading-worker-0/INFO] - bygonenether: 1.2.2
[03:57:35] [modloading-worker-0/INFO] - callablehorses: 1.2.2.5
[03:57:35] [modloading-worker-0/INFO] - cataclysm: 1.0
[03:57:35] [modloading-worker-0/INFO] - cc: 1.0.17
[03:57:35] [modloading-worker-0/INFO] - celesteconfig: 1.0.0
[03:57:35] [modloading-worker-0/INFO] - champions: 1.18.2-2.1.6.3
[03:57:35] [modloading-worker-0/INFO] - chunky: 1.2.164
[03:57:35] [modloading-worker-0/INFO] - citadel: 1.11.3
[03:57:35] [modloading-worker-0/INFO] - cloth_config: 6.4.90
[03:57:35] [modloading-worker-0/INFO] - cloudstorage: 1.1.0
[03:57:35] [modloading-worker-0/INFO] - collective: 6.62
[03:57:35] [modloading-worker-0/INFO] - comforts: 1.18.2-5.0.0.6
[03:57:35] [modloading-worker-0/INFO] - conjurer_illager: 1.1.1
[03:57:35] [modloading-worker-0/INFO] - corpse: 1.18.2-1.0.1
[03:57:35] [modloading-worker-0/INFO] - crafttweaker: 9.1.207
[03:57:35] [modloading-worker-0/INFO] - create: 0.5.1.b
[03:57:35] [modloading-worker-0/INFO] - creativecore: 0.0NONE
[03:57:35] [modloading-worker-0/INFO] - creeperoverhaul: 1.3.1
[03:57:35] [modloading-worker-0/INFO] - curios: 1.18.2-5.0.9.1
[03:57:35] [modloading-worker-0/INFO] - dannys_expansion: 1.2.6
[03:57:35] [modloading-worker-0/INFO] - darkersouls: 1.0
[03:57:35] [modloading-worker-0/INFO] - dawncraft: 1.18.2-1.2.4
[03:57:35] [modloading-worker-0/INFO] - dawncraft_fixes: 0.14.3
[03:57:35] [modloading-worker-0/INFO] - deleteitem: 2.0.3.1
[03:57:35] [modloading-worker-0/INFO] - difficultraids: 1.7.5-release
[03:57:35] [modloading-worker-0/INFO] - dogslie: 1.1.1
[03:57:35] [modloading-worker-0/INFO] - dragonmounts: 1.1.4
[03:57:35] [modloading-worker-0/INFO] - dummmmmmy: 1.18-1.5.2
[03:57:35] [modloading-worker-0/INFO] - dungeoncrawl: 2.3.12
[03:57:35] [modloading-worker-0/INFO] - dungeons_arise: 2.1.52-1.18.2
[03:57:35] [modloading-worker-0/INFO] - easymagic: 3.3.0
[03:57:35] [modloading-worker-0/INFO] - ecologics: 1.7.11
[03:57:35] [modloading-worker-0/INFO] - efdg: 1.8
[03:57:35] [modloading-worker-0/INFO] - enchantlimiter: 2.0
[03:57:35] [modloading-worker-0/INFO] - endrem: 5.2.0-R-1.18.2
[03:57:35] [modloading-worker-0/INFO] - enlightened_end: 4.0.0.1
[03:57:35] [modloading-worker-0/INFO] - epicfight: 18.3.8
[03:57:35] [modloading-worker-0/INFO] - epicparagliders: 0.4.0-1.18.2
[03:57:35] [modloading-worker-0/INFO] - farmersdelight: 1.18.2-1.2.3
[03:57:35] [modloading-worker-0/INFO] - farsightedmobs: 1.1
[03:57:35] [modloading-worker-0/INFO] - fastbench: 6.1.1
[03:57:35] [modloading-worker-0/INFO] - fastfurnace: 6.0.3
[03:57:35] [modloading-worker-0/INFO] - fastload: 8.2.1-+1.18.2
[03:57:35] [modloading-worker-0/INFO] - fastsuite: 3.0.2
[03:57:35] [modloading-worker-0/INFO] - feature_nbt_deadlock_be_gone: 2.0.0+1.18.2
[03:57:35] [modloading-worker-0/INFO] - ferritecore: 4.2.2
[03:57:35] [modloading-worker-0/INFO] - fixmyspawnr: 1.0.0
[03:57:35] [modloading-worker-0/INFO] - flywheel: 0.6.8.a
[03:57:35] [modloading-worker-0/INFO] - followme: 1.1.8a
[03:57:35] [modloading-worker-0/INFO] - forge: 40.2.17
[03:57:35] [modloading-worker-0/INFO] - ftbessentials: 1802.1.7-build.42
[03:57:35] [modloading-worker-0/INFO] - ftblibrary: 1802.3.11-build.177
[03:57:35] [modloading-worker-0/INFO] - ftbquests: 1802.3.14-build.191
[03:57:35] [modloading-worker-0/INFO] - ftbranks: 1802.1.11-build.71
[03:57:35] [modloading-worker-0/INFO] - ftbteams: 1802.2.10-build.96
[03:57:35] [modloading-worker-0/INFO] - fullstackwatchdog: 1.0.1+1.19.2-forge
[03:57:35] [modloading-worker-0/INFO] - gamestages: 8.1.3
[03:57:35] [modloading-worker-0/INFO] - geckolib3: 3.0.56
[03:57:35] [modloading-worker-0/INFO] - getittogetherdrops: 1.3
[03:57:35] [modloading-worker-0/INFO] - globaldataandresourcepacks: 1.12.4_forge
[03:57:35] [modloading-worker-0/INFO] - goblinsanddungeons: 1.0.8
[03:57:35] [modloading-worker-0/INFO] - goblintraders: 1.8.0
[03:57:35] [modloading-worker-0/INFO] - guardvillagers: 1.4.3
[03:57:35] [modloading-worker-0/INFO] - habitat: 1.1.5
[03:57:35] [modloading-worker-0/INFO] - hardermonsterboats: 39.1.1.0
[03:57:35] [modloading-worker-0/INFO] - hexerei: 0.2.2
[03:57:35] [modloading-worker-0/INFO] - hitindication: 1.2
[03:57:35] [modloading-worker-0/INFO] - humancompanions: 1.18.2-1.7.3
[03:57:35] [modloading-worker-0/INFO] - hunterillager: 1.18.2-4.0.1
[03:57:35] [modloading-worker-0/INFO] - iceberg: 1.0.49
[03:57:35] [modloading-worker-0/INFO] - idas: 1.6.6+1.18.2
[03:57:35] [modloading-worker-0/INFO] - illageandspillage: 1.1.3
[03:57:35] [modloading-worker-0/INFO] - immersive_weathering: 1.18.2-1.18.2-3.0.3
[03:57:35] [modloading-worker-0/INFO] - improvedmobs: 1.18.2-1.11.0
[03:57:35] [modloading-worker-0/INFO] - incendium: 5.0.8
[03:57:35] [modloading-worker-0/INFO] - incontrol: 1.18-6.1.9
[03:57:35] [modloading-worker-0/INFO] - insanelib: 1.5.3
[03:57:35] [modloading-worker-0/INFO] - integrated_api: 1.2.7+1.18.2
[03:57:35] [modloading-worker-0/INFO] - integrated_stronghold: 1.0.2+1.18.2
[03:57:35] [modloading-worker-0/INFO] - itemfilters: 1802.2.8-build.47
[03:57:35] [modloading-worker-0/INFO] - itemphysic: 1.6.0
[03:57:35] [modloading-worker-0/INFO] - itshallnottick: 1.0.22-build.34
[03:57:35] [modloading-worker-0/INFO] - jade: 5.3.1
[03:57:35] [modloading-worker-0/INFO] - jei: 9.9999
[03:57:35] [modloading-worker-0/INFO] - jeitweaker: 3.0.0.9
[03:57:35] [modloading-worker-0/INFO] - jet_and_elias_armors: 1.0.0
[03:57:35] [modloading-worker-0/INFO] - jumpboat: 1.18.2-0.1.0.3
[03:57:35] [modloading-worker-0/INFO] - kobolds: 2.1.2
[03:57:35] [modloading-worker-0/INFO] - lazydfu: 0.1.3
[03:57:35] [modloading-worker-0/INFO] - libertyvillagers: 2.0.0+forge+1.18.2
[03:57:35] [modloading-worker-0/INFO] - libraryferret: 3.0.0
[03:57:35] [modloading-worker-0/INFO] - libx: 1.18.2-3.2.19
[03:57:35] [modloading-worker-0/INFO] - lilwings: 1.2.4
[03:57:35] [modloading-worker-0/INFO] - limitedchunks: 1.8
[03:57:35] [modloading-worker-0/INFO] - logbegone: 1.0.4
[03:57:35] [modloading-worker-0/INFO] - logprot: 1.4
[03:57:35] [modloading-worker-0/INFO] - lootr: 0.3.24.61
[03:57:35] [modloading-worker-0/INFO] - magistuarmory: 8.2
[03:57:35] [modloading-worker-0/INFO] - majruszsdifficulty: 1.8.0
[03:57:35] [modloading-worker-0/INFO] - maxhealthfix: 5.0.4
[03:57:35] [modloading-worker-0/INFO] - meetyourfight: 1.18.2-1.2.5
[03:57:35] [modloading-worker-0/INFO] - mimic: 1.1.32
[03:57:35] [modloading-worker-0/INFO] - minecraft: 1.18.2
[03:57:35] [modloading-worker-0/INFO] - mixinextras: 0.2.0
[03:57:35] [modloading-worker-0/INFO] - mlib: 5.0.0
[03:57:35] [modloading-worker-0/INFO] - modernfix: 5.8.1+mc1.18.2
[03:57:35] [modloading-worker-0/INFO] - monsterplus: 1.0
[03:57:35] [modloading-worker-0/INFO] - morevillagers: 3.2.0
[03:57:35] [modloading-worker-0/INFO] - mousetweaks: 2.21
[03:57:35] [modloading-worker-0/INFO] - mowziesmobs: 1.5.32
[03:57:35] [modloading-worker-0/INFO] - mutantmonsters: 3.0.1
[03:57:35] [modloading-worker-0/INFO] - netherportalfix: 9.0.0
[03:57:35] [modloading-worker-0/INFO] - nethersdelight: 2.2
[03:57:35] [modloading-worker-0/INFO] - netherskeletons: 4.8
[03:57:35] [modloading-worker-0/INFO] - nightconfigfixes: 3.0.2
[03:57:35] [modloading-worker-0/INFO] - nourished_nether: 1.1.5
[03:57:35] [modloading-worker-0/INFO] - nyfsquiver: 1.18.1-0.7.0
[03:57:35] [modloading-worker-0/INFO] - ob_core: 3.2.0
[03:57:35] [modloading-worker-0/INFO] - ob_tooltips: 1.4.1
[03:57:35] [modloading-worker-0/INFO] - obscure_api: 10
[03:57:35] [modloading-worker-0/INFO] - orcz: 0.74
[03:57:35] [modloading-worker-0/INFO] - paraglider: 1.6.0.5
[03:57:35] [modloading-worker-0/INFO] - passablefoliage: 4.2.1
[03:57:35] [modloading-worker-0/INFO] - patchouli: 1.18.2-71.1
[03:57:35] [modloading-worker-0/INFO] - pfm: 1.1.1
[03:57:35] [modloading-worker-0/INFO] - piglinproliferation: 1.0.0
[03:57:35] [modloading-worker-0/INFO] - pineapple_delight: 0.0NONE
[03:57:35] [modloading-worker-0/INFO] - placebo: 6.6.7
[03:57:35] [modloading-worker-0/INFO] - plushies: 1.2
[03:57:35] [modloading-worker-0/INFO] - pluto: 0.0.6
[03:57:35] [modloading-worker-0/INFO] - pmmo: 1.18.2-3.69.11
[03:57:35] [modloading-worker-0/INFO] - polylib: 1801.0.2-build.13
[03:57:35] [modloading-worker-0/INFO] - polymorph: 1.18.2-0.49
[03:57:35] [modloading-worker-0/INFO] - presencenotrequired: 1.3.0
[03:57:35] [modloading-worker-0/INFO] - prism: 1.0.1
[03:57:35] [modloading-worker-0/INFO] - progressivebosses: 3.6.5
[03:57:35] [modloading-worker-0/INFO] - puzzleslib: 3.5.8
[03:57:35] [modloading-worker-0/INFO] - quark: 3.2-358
[03:57:35] [modloading-worker-0/INFO] - quest_giver: 1.18.2-1.0.10
[03:57:35] [modloading-worker-0/INFO] - recipestages: 3.0.0.10
[03:57:35] [modloading-worker-0/INFO] - rei_plugin_compatibilities: 8.0.83
[03:57:35] [modloading-worker-0/INFO] - reputation: 0.9.9
[03:57:35] [modloading-worker-0/INFO] - restored_earth: 1.4.2
[03:57:35] [modloading-worker-0/INFO] - revamped_phantoms: 0.2.3
[03:57:35] [modloading-worker-0/INFO] - roughlyenoughitems: 8.3.667
[03:57:35] [modloading-worker-0/INFO] - saturn: 0.0.8
[03:57:35] [modloading-worker-0/INFO] - savage_and_ravage: 4.0.1
[03:57:35] [modloading-worker-0/INFO] - scattered_weapons: 1.0.0
[03:57:35] [modloading-worker-0/INFO] - secondchanceforge: 1.5.0
[03:57:35] [modloading-worker-0/INFO] - selene: 1.18.2-1.17.9
[03:57:35] [modloading-worker-0/INFO] - sereneseasons: 1.18.2-7.0.0.13
[03:57:35] [modloading-worker-0/INFO] - shrines: 1.18.2-4.1.0
[03:57:35] [modloading-worker-0/INFO] - simple_mobs: 0.9.81
[03:57:35] [modloading-worker-0/INFO] - simplebackups: 1.18.2-1.1.13
[03:57:35] [modloading-worker-0/INFO] - smoothchunk: 1.18.2-1.9
[03:57:35] [modloading-worker-0/INFO] - snuffles: 1.0.2
[03:57:35] [modloading-worker-0/INFO] - solapplepie: 1.18.2-1.0.4
[03:57:35] [modloading-worker-0/INFO] - sophisticatedbackpacks: 1.18.2-3.18.65.933
[03:57:35] [modloading-worker-0/INFO] - sophisticatedcore: 1.18.2-0.5.98.458
[03:57:35] [modloading-worker-0/INFO] - sound_physics_remastered: 1.18.2-1.0.6
[03:57:35] [modloading-worker-0/INFO] - spark: 1.9.11
[03:57:35] [modloading-worker-0/INFO] - stackablepotions: 1.0.0
[03:57:35] [modloading-worker-0/INFO] - starlight: 1.0.2+forge.83663de
[03:57:35] [modloading-worker-0/INFO] - starterkit: 5.0
[03:57:35] [modloading-worker-0/INFO] - storagedrawers: 10.2.1
[03:57:35] [modloading-worker-0/INFO] - strawgolem: 2.0.0-beta.5
[03:57:35] [modloading-worker-0/INFO] - structory: 0.0NONE
[03:57:35] [modloading-worker-0/INFO] - structure_gel: 2.4.7
[03:57:35] [modloading-worker-0/INFO] - supermartijn642configlib: 1.1.6
[03:57:35] [modloading-worker-0/INFO] - supermartijn642corelib: 1.1.9a
[03:57:35] [modloading-worker-0/INFO] - supplementaries: 1.18.2-1.5.18
[03:57:35] [modloading-worker-0/INFO] - tenshilib: 1.18.2-1.6.15
[03:57:35] [modloading-worker-0/INFO] - terrablender: 1.2.0.126
[03:57:35] [modloading-worker-0/INFO] - terralith: 0.0NONE
[03:57:35] [modloading-worker-0/INFO] - timeout_fixes: 1.18.1-1.0.0
[03:57:35] [modloading-worker-0/INFO] - tinyskeletons: 3.3.1
[03:57:35] [modloading-worker-0/INFO] - tlc: 1.0.1
[03:57:35] [modloading-worker-0/INFO] - toofast: 0.0.1.2
[03:57:35] [modloading-worker-0/INFO] - treechop: 0.17.7
[03:57:35] [modloading-worker-0/INFO] - tumbleweed: 1.18-0.5.4
[03:57:35] [modloading-worker-0/INFO] - undead_revamp2: 1.0.0
[03:57:35] [modloading-worker-0/INFO] - untamedwilds: 2.4.2
[03:57:35] [modloading-worker-0/INFO] - unvotedandshelved: 1.18.2-2.0.6-forge
[03:57:35] [modloading-worker-0/INFO] - villagercomfort: 1.18.2-1.0.0
[03:57:35] [modloading-worker-0/INFO] - villagernames: 5.1
[03:57:35] [modloading-worker-0/INFO] - waila: 5.3.1
[03:57:35] [modloading-worker-0/INFO] - waystones: 10.2.1
[03:57:35] [modloading-worker-0/INFO] - weaponmaster: 3.0.3
[03:57:35] [modloading-worker-0/INFO] - wildbackport: 1.2.3
[03:57:35] [modloading-worker-0/INFO] - yungsapi: 1.18.2-Forge-2.2.9
[03:57:35] [modloading-worker-0/INFO] - yungsbridges: 1.18.2-Forge-2.1.0
[03:57:35] [modloading-worker-0/INFO] - yungsextras: 1.18.2-Forge-2.1.0
[03:57:35] [modloading-worker-0/INFO] - zensummoning: 1.3.8
[03:57:35] [modloading-worker-0/INFO] ========================================
[03:57:36] [modloading-worker-0/INFO] [REI] Registered plugin provider DefaultPluginImpl [roughlyenoughitems] for REIServerPlugin
[03:57:36] [modloading-worker-0/INFO] [REI] Registered plugin provider DefaultPluginImpl [roughlyenoughitems] for REIPlugin
[03:57:36] [modloading-worker-0/INFO] [REI] Registered plugin provider DefaultRuntimePlugin [roughlyenoughitems] for REIServerPlugin
[03:57:36] [modloading-worker-0/INFO] [REI] Registered plugin provider DefaultRuntimePlugin [roughlyenoughitems] for REIPlugin
[03:57:53] [Worker-Main-3/DEBUG] [REI] Processed 0 tags in 111.2 μs for minecraft:worldgen/configured_structure_feature
[03:57:53] [Worker-Main-1/DEBUG] [REI] Processed 0 tags in 113.3 μs for minecraft:worldgen/biome
[03:57:53] [Worker-Main-2/DEBUG] [REI] Processed 0 tags in 6.893 μs for shrines:random_variation/material
[03:57:53] [Worker-Main-3/DEBUG] [REI] Processed 0 tags in 8.816 μs for minecraft:dimension_type
[03:57:54] [Worker-Main-1/DEBUG] [REI] Processed 5 tags in 1.248 ms for minecraft:game_event
[03:57:54] [Worker-Main-3/DEBUG] [REI] Processed 9 tags in 53.93 μs for minecraft:fluid
[03:57:54] [Worker-Main-2/DEBUG] [REI] Processed 113 tags in 674.2 μs for minecraft:entity_type
[03:57:54] [Worker-Main-1/DEBUG] [REI] Processed 733 tags in 8.821 ms for minecraft:block
[03:57:54] [Worker-Main-3/DEBUG] [REI] Processed 825 tags in 5.250 ms for minecraft:item
[03:57:54] [Worker-Main-3/DEBUG] [REI] Processed 1 tags in 43.74 μs for minecraft:worldgen/structure_feature
[03:58:01] [Worker-Main-1/DEBUG] [REI] ========================================
[03:58:01] [Worker-Main-1/DEBUG] [REI] REIPlugin starting pre-reload for START.
[03:58:01] [Worker-Main-1/DEBUG] [REI] Reloadables (7):
[03:58:01] [Worker-Main-1/DEBUG] [REI]  - EntryTypeRegistryImpl
[03:58:01] [Worker-Main-1/DEBUG] [REI]  - EntrySettingsAdapterRegistryImpl
[03:58:01] [Worker-Main-1/DEBUG] [REI]  - RecipeManagerContextImpl
[03:58:01] [Worker-Main-1/DEBUG] [REI]  - ItemComparatorRegistryImpl
[03:58:01] [Worker-Main-1/DEBUG] [REI]  - FluidComparatorRegistryImpl
[03:58:01] [Worker-Main-1/DEBUG] [REI]  - DisplaySerializerRegistryImpl
[03:58:01] [Worker-Main-1/DEBUG] [REI]  - FluidSupportProviderImpl
[03:58:01] [Worker-Main-1/DEBUG] [REI] Plugins (2):
[03:58:01] [Worker-Main-1/DEBUG] [REI]  - (-100.00) DefaultPluginImpl of DefaultPluginImpl [roughlyenoughitems]
[03:58:01] [Worker-Main-1/DEBUG] [REI]  - (0.00) DefaultRuntimePlugin of DefaultRuntimePlugin [roughlyenoughitems]
[03:58:01] [Worker-Main-1/DEBUG] [REI] ========================================
[03:58:01] [Worker-Main-1/TRACE] [REI] [REIPlugin START] Reloading Section: "pre-register/"
[03:58:01] [Worker-Main-1/TRACE] [REI] [REIPlugin START] Reloading Section: "pre-register/DefaultPluginImpl of DefaultPluginImpl [roughlyenoughitems]/"
[03:58:01] [Worker-Main-1/TRACE] [REI] [REIPlugin START] Reloading Section: "pre-register/DefaultPluginImpl of DefaultPluginImpl [roughlyenoughitems]/" done in 943.5 μs
[03:58:01] [Worker-Main-1/TRACE] [REI] [REIPlugin START] Reloading Section: "pre-register/DefaultRuntimePlugin of DefaultRuntimePlugin [roughlyenoughitems]/"
[03:58:01] [Worker-Main-1/TRACE] [REI] [REIPlugin START] Reloading Section: "pre-register/DefaultRuntimePlugin of DefaultRuntimePlugin [roughlyenoughitems]/" done in 16.08 μs
[03:58:01] [Worker-Main-1/TRACE] [REI] [REIPlugin START] Reloading Section: "pre-register/" done in 24.68 ms
[03:58:01] [Worker-Main-1/TRACE] [REI] [REIPlugin START] Reloading Section: "pre-stage/"
[03:58:01] [Worker-Main-1/TRACE] [REI] [REIPlugin START] Reloading Section: "pre-stage/EntryTypeRegistryImpl/"
[03:58:01] [Worker-Main-1/TRACE] [REI] [REIPlugin START] Reloading Section: "pre-stage/EntryTypeRegistryImpl/" done in 215.5 μs
[03:58:01] [Worker-Main-1/TRACE] [REI] [REIPlugin START] Reloading Section: "pre-stage/EntrySettingsAdapterRegistryImpl/"
[03:58:01] [Worker-Main-1/TRACE] [REI] [REIPlugin START] Reloading Section: "pre-stage/EntrySettingsAdapterRegistryImpl/" done in 7.665 μs
[03:58:01] [Worker-Main-1/TRACE] [REI] [REIPlugin START] Reloading Section: "pre-stage/RecipeManagerContextImpl/"
[03:58:01] [Worker-Main-1/TRACE] [REI] [REIPlugin START] Reloading Section: "pre-stage/RecipeManagerContextImpl/" done in 6.683 μs
[03:58:01] [Worker-Main-1/TRACE] [REI] [REIPlugin START] Reloading Section: "pre-stage/ItemComparatorRegistryImpl/"
[03:58:01] [Worker-Main-1/TRACE] [REI] [REIPlugin START] Reloading Section: "pre-stage/ItemComparatorRegistryImpl/" done in 7.073 μs
[03:58:01] [Worker-Main-1/TRACE] [REI] [REIPlugin START] Reloading Section: "pre-stage/FluidComparatorRegistryImpl/"
[03:58:01] [Worker-Main-1/TRACE] [REI] [REIPlugin START] Reloading Section: "pre-stage/FluidComparatorRegistryImpl/" done in 6.171 μs
[03:58:01] [Worker-Main-1/TRACE] [REI] [REIPlugin START] Reloading Section: "pre-stage/DisplaySerializerRegistryImpl/"
[03:58:01] [Worker-Main-1/TRACE] [REI] [REIPlugin START] Reloading Section: "pre-stage/DisplaySerializerRegistryImpl/" done in 6.953 μs
[03:58:01] [Worker-Main-1/TRACE] [REI] [REIPlugin START] Reloading Section: "pre-stage/FluidSupportProviderImpl/"
[03:58:01] [Worker-Main-1/TRACE] [REI] [REIPlugin START] Reloading Section: "pre-stage/FluidSupportProviderImpl/" done in 6.522 μs
[03:58:01] [Worker-Main-1/TRACE] [REI] [REIPlugin START] Reloading Section: "pre-stage/" done in 2.500 ms
[03:58:01] [Worker-Main-1/DEBUG] [REI] ========================================
[03:58:01] [Worker-Main-1/DEBUG] [REI] REIPlugin finished pre-reload for START in 35.41 ms.
[03:58:01] [Worker-Main-1/DEBUG] [REI] ========================================
[03:58:01] [Worker-Main-1/DEBUG] [REI] ========================================
[03:58:01] [Worker-Main-1/DEBUG] [REI] REIServerPlugin starting pre-reload for START.
[03:58:01] [Worker-Main-1/DEBUG] [REI] Reloadables (2):
[03:58:01] [Worker-Main-1/DEBUG] [REI]  - MenuInfoRegistryImpl
[03:58:01] [Worker-Main-1/DEBUG] [REI]  - SlotAccessorRegistryImpl
[03:58:01] [Worker-Main-1/DEBUG] [REI] Plugins (2):
[03:58:01] [Worker-Main-1/DEBUG] [REI]  - (-100.00) DefaultPluginImpl of DefaultPluginImpl [roughlyenoughitems]
[03:58:01] [Worker-Main-1/DEBUG] [REI]  - (0.00) DefaultRuntimePlugin of DefaultRuntimePlugin [roughlyenoughitems]
[03:58:01] [Worker-Main-1/DEBUG] [REI] ========================================
[03:58:01] [Worker-Main-1/TRACE] [REI] [REIServerPlugin START] Reloading Section: "pre-register/"
[03:58:01] [Worker-Main-1/TRACE] [REI] [REIServerPlugin START] Reloading Section: "pre-register/DefaultPluginImpl of DefaultPluginImpl [roughlyenoughitems]/"
[03:58:01] [Worker-Main-1/TRACE] [REI] [REIServerPlugin START] Reloading Section: "pre-register/DefaultPluginImpl of DefaultPluginImpl [roughlyenoughitems]/" done in 28.01 μs
[03:58:01] [Worker-Main-1/TRACE] [REI] [REIServerPlugin START] Reloading Section: "pre-register/DefaultRuntimePlugin of DefaultRuntimePlugin [roughlyenoughitems]/"
[03:58:01] [Worker-Main-1/TRACE] [REI] [REIServerPlugin START] Reloading Section: "pre-register/DefaultRuntimePlugin of DefaultRuntimePlugin [roughlyenoughitems]/" done in 13.56 μs
[03:58:01] [Worker-Main-1/TRACE] [REI] [REIServerPlugin START] Reloading Section: "pre-register/" done in 726.9 μs
[03:58:01] [Worker-Main-1/TRACE] [REI] [REIServerPlugin START] Reloading Section: "pre-stage/"
[03:58:01] [Worker-Main-1/TRACE] [REI] [REIServerPlugin START] Reloading Section: "pre-stage/MenuInfoRegistryImpl/"
[03:58:01] [Worker-Main-1/TRACE] [REI] [REIServerPlugin START] Reloading Section: "pre-stage/MenuInfoRegistryImpl/" done in 9.498 μs
[03:58:01] [Worker-Main-1/TRACE] [REI] [REIServerPlugin START] Reloading Section: "pre-stage/SlotAccessorRegistryImpl/"
[03:58:01] [Worker-Main-1/TRACE] [REI] [REIServerPlugin START] Reloading Section: "pre-stage/SlotAccessorRegistryImpl/" done in 7.284 μs
[03:58:01] [Worker-Main-1/TRACE] [REI] [REIServerPlugin START] Reloading Section: "pre-stage/" done in 622.1 μs
[03:58:01] [Worker-Main-1/DEBUG] [REI] ========================================
[03:58:01] [Worker-Main-1/DEBUG] [REI] REIServerPlugin finished pre-reload for START in 1.977 ms.
[03:58:01] [Worker-Main-1/DEBUG] [REI] ========================================
[03:58:01] [Worker-Main-1/INFO] [REI] ~~~~~~~~~~~~~~~~~~~~~~~~~~~~~~~~~~~~~~~~
[03:58:01] [Worker-Main-1/INFO] [REI] REIPlugin starting main-reload for START.
[03:58:01] [Worker-Main-1/DEBUG] [REI] Reloadables (7):
[03:58:01] [Worker-Main-1/DEBUG] [REI]  - EntryTypeRegistryImpl
[03:58:01] [Worker-Main-1/DEBUG] [REI]  - EntrySettingsAdapterRegistryImpl
[03:58:01] [Worker-Main-1/DEBUG] [REI]  - RecipeManagerContextImpl
[03:58:01] [Worker-Main-1/DEBUG] [REI]  - ItemComparatorRegistryImpl
[03:58:01] [Worker-Main-1/DEBUG] [REI]  - FluidComparatorRegistryImpl
[03:58:01] [Worker-Main-1/DEBUG] [REI]  - DisplaySerializerRegistryImpl
[03:58:01] [Worker-Main-1/DEBUG] [REI]  - FluidSupportProviderImpl
[03:58:01] [Worker-Main-1/INFO] [REI] Plugins (2):
[03:58:01] [Worker-Main-1/INFO] [REI]  - (-100.00) DefaultPluginImpl of DefaultPluginImpl [roughlyenoughitems]
[03:58:01] [Worker-Main-1/INFO] [REI]  - (0.00) DefaultRuntimePlugin of DefaultRuntimePlugin [roughlyenoughitems]
[03:58:01] [Worker-Main-1/INFO] [REI] ~~~~~~~~~~~~~~~~~~~~~~~~~~~~~~~~~~~~~~~~
[03:58:01] [Worker-Main-1/TRACE] [REI] [REIPlugin START] Reloading Section: "start-reload/"
[03:58:01] [Worker-Main-1/TRACE] [REI] [REIPlugin START] Reloading Section: "start-reload/EntryTypeRegistryImpl/"
[03:58:01] [Worker-Main-1/TRACE] [REI] [REIPlugin START] Reloading Section: "start-reload/EntryTypeRegistryImpl/" done in 46.54 μs
[03:58:01] [Worker-Main-1/TRACE] [REI] [REIPlugin START] Reloading Section: "start-reload/EntrySettingsAdapterRegistryImpl/"
[03:58:01] [Worker-Main-1/TRACE] [REI] [REIPlugin START] Reloading Section: "start-reload/EntrySettingsAdapterRegistryImpl/" done in 11.83 μs
[03:58:01] [Worker-Main-1/TRACE] [REI] [REIPlugin START] Reloading Section: "start-reload/RecipeManagerContextImpl/"
[03:58:01] [Worker-Main-1/TRACE] [REI] [REIPlugin START] Reloading Section: "start-reload/RecipeManagerContextImpl/" done in 7.474 μs
[03:58:01] [Worker-Main-1/TRACE] [REI] [REIPlugin START] Reloading Section: "start-reload/ItemComparatorRegistryImpl/"
[03:58:01] [Worker-Main-1/TRACE] [REI] [REIPlugin START] Reloading Section: "start-reload/ItemComparatorRegistryImpl/" done in 30.66 μs
[03:58:01] [Worker-Main-1/TRACE] [REI] [REIPlugin START] Reloading Section: "start-reload/FluidComparatorRegistryImpl/"
[03:58:01] [Worker-Main-1/TRACE] [REI] [REIPlugin START] Reloading Section: "start-reload/FluidComparatorRegistryImpl/" done in 10.02 μs
[03:58:01] [Worker-Main-1/TRACE] [REI] [REIPlugin START] Reloading Section: "start-reload/DisplaySerializerRegistryImpl/"
[03:58:01] [Worker-Main-1/TRACE] [REI] [REIPlugin START] Reloading Section: "start-reload/DisplaySerializerRegistryImpl/" done in 6.522 μs
[03:58:01] [Worker-Main-1/TRACE] [REI] [REIPlugin START] Reloading Section: "start-reload/FluidSupportProviderImpl/"
[03:58:01] [Worker-Main-1/TRACE] [REI] [REIPlugin START] Reloading Section: "start-reload/FluidSupportProviderImpl/" done in 25.33 μs
[03:58:01] [Worker-Main-1/TRACE] [REI] [REIPlugin START] Reloading Section: "start-reload/" done in 2.343 ms
[03:58:01] [Worker-Main-1/DEBUG] [REI] ========================================
[03:58:01] [Worker-Main-1/DEBUG] [REI] REIPlugin started main-reload for START.
[03:58:01] [Worker-Main-1/DEBUG] [REI] ========================================
[03:58:01] [Worker-Main-1/TRACE] [REI] [REIPlugin START] Reloading Section: "reloadable-plugin/EntryTypeRegistryImpl/"
[03:58:01] [Worker-Main-1/TRACE] [REI] [REIPlugin START] Reloading Section: "reloadable-plugin/EntryTypeRegistryImpl/DefaultPluginImpl of DefaultPluginImpl [roughlyenoughitems]/"
[03:58:01] [Worker-Main-1/TRACE] [REI] [REIPlugin START] Reloading Section: "reloadable-plugin/EntryTypeRegistryImpl/DefaultPluginImpl of DefaultPluginImpl [roughlyenoughitems]/" done in 266.0 μs
[03:58:01] [Worker-Main-1/TRACE] [REI] [REIPlugin START] Reloading Section: "reloadable-plugin/EntryTypeRegistryImpl/DefaultRuntimePlugin of DefaultRuntimePlugin [roughlyenoughitems]/"
[03:58:01] [Worker-Main-1/TRACE] [REI] [REIPlugin START] Reloading Section: "reloadable-plugin/EntryTypeRegistryImpl/DefaultRuntimePlugin of DefaultRuntimePlugin [roughlyenoughitems]/" done in 10.39 ms
[03:58:01] [Worker-Main-1/TRACE] [REI] [REIPlugin START] Reloading Section: "reloadable-plugin/EntryTypeRegistryImpl/" done in 11.98 ms
[03:58:01] [Worker-Main-1/TRACE] [REI] [REIPlugin START] Reloading Section: "reloadable-plugin/EntrySettingsAdapterRegistryImpl/"
[03:58:01] [Worker-Main-1/TRACE] [REI] [REIPlugin START] Reloading Section: "reloadable-plugin/EntrySettingsAdapterRegistryImpl/DefaultPluginImpl of DefaultPluginImpl [roughlyenoughitems]/"
[03:58:01] [Worker-Main-1/TRACE] [REI] [REIPlugin START] Reloading Section: "reloadable-plugin/EntrySettingsAdapterRegistryImpl/DefaultPluginImpl of DefaultPluginImpl [roughlyenoughitems]/" done in 19.91 μs
[03:58:01] [Worker-Main-1/TRACE] [REI] [REIPlugin START] Reloading Section: "reloadable-plugin/EntrySettingsAdapterRegistryImpl/DefaultRuntimePlugin of DefaultRuntimePlugin [roughlyenoughitems]/"
[03:58:01] [Worker-Main-1/TRACE] [REI] [REIPlugin START] Reloading Section: "reloadable-plugin/EntrySettingsAdapterRegistryImpl/DefaultRuntimePlugin of DefaultRuntimePlugin [roughlyenoughitems]/" done in 16.47 μs
[03:58:01] [Worker-Main-1/TRACE] [REI] [REIPlugin START] Reloading Section: "reloadable-plugin/EntrySettingsAdapterRegistryImpl/" done in 749.1 μs
[03:58:01] [Worker-Main-1/TRACE] [REI] [REIPlugin START] Reloading Section: "reloadable-plugin/RecipeManagerContextImpl/"
[03:58:01] [Worker-Main-1/TRACE] [REI] [REIPlugin START] Reloading Section: "reloadable-plugin/RecipeManagerContextImpl/DefaultPluginImpl of DefaultPluginImpl [roughlyenoughitems]/"
[03:58:01] [Worker-Main-1/TRACE] [REI] [REIPlugin START] Reloading Section: "reloadable-plugin/RecipeManagerContextImpl/DefaultPluginImpl of DefaultPluginImpl [roughlyenoughitems]/" done in 14.50 μs
[03:58:01] [Worker-Main-1/TRACE] [REI] [REIPlugin START] Reloading Section: "reloadable-plugin/RecipeManagerContextImpl/DefaultRuntimePlugin of DefaultRuntimePlugin [roughlyenoughitems]/"
[03:58:01] [Worker-Main-1/TRACE] [REI] [REIPlugin START] Reloading Section: "reloadable-plugin/RecipeManagerContextImpl/DefaultRuntimePlugin of DefaultRuntimePlugin [roughlyenoughitems]/" done in 12.18 μs
[03:58:01] [Worker-Main-1/TRACE] [REI] [REIPlugin START] Reloading Section: "reloadable-plugin/RecipeManagerContextImpl/" done in 710.1 μs
[03:58:01] [Worker-Main-1/TRACE] [REI] [REIPlugin START] Reloading Section: "reloadable-plugin/ItemComparatorRegistryImpl/"
[03:58:01] [Worker-Main-1/TRACE] [REI] [REIPlugin START] Reloading Section: "reloadable-plugin/ItemComparatorRegistryImpl/DefaultPluginImpl of DefaultPluginImpl [roughlyenoughitems]/"
[03:58:01] [Worker-Main-1/TRACE] [REI] [REIPlugin START] Reloading Section: "reloadable-plugin/ItemComparatorRegistryImpl/DefaultPluginImpl of DefaultPluginImpl [roughlyenoughitems]/" done in 1.209 ms
[03:58:01] [Worker-Main-1/TRACE] [REI] [REIPlugin START] Reloading Section: "reloadable-plugin/ItemComparatorRegistryImpl/DefaultRuntimePlugin of DefaultRuntimePlugin [roughlyenoughitems]/"
[03:58:01] [Worker-Main-1/TRACE] [REI] [REIPlugin START] Reloading Section: "reloadable-plugin/ItemComparatorRegistryImpl/DefaultRuntimePlugin of DefaultRuntimePlugin [roughlyenoughitems]/" done in 17.07 μs
[03:58:01] [Worker-Main-1/TRACE] [REI] [REIPlugin START] Reloading Section: "reloadable-plugin/ItemComparatorRegistryImpl/" done in 1.919 ms
[03:58:01] [Worker-Main-1/TRACE] [REI] [REIPlugin START] Reloading Section: "reloadable-plugin/FluidComparatorRegistryImpl/"
[03:58:01] [Worker-Main-1/TRACE] [REI] [REIPlugin START] Reloading Section: "reloadable-plugin/FluidComparatorRegistryImpl/DefaultPluginImpl of DefaultPluginImpl [roughlyenoughitems]/"
[03:58:01] [Worker-Main-1/TRACE] [REI] [REIPlugin START] Reloading Section: "reloadable-plugin/FluidComparatorRegistryImpl/DefaultPluginImpl of DefaultPluginImpl [roughlyenoughitems]/" done in 21.07 μs
[03:58:01] [Worker-Main-1/TRACE] [REI] [REIPlugin START] Reloading Section: "reloadable-plugin/FluidComparatorRegistryImpl/DefaultRuntimePlugin of DefaultRuntimePlugin [roughlyenoughitems]/"
[03:58:01] [Worker-Main-1/TRACE] [REI] [REIPlugin START] Reloading Section: "reloadable-plugin/FluidComparatorRegistryImpl/DefaultRuntimePlugin of DefaultRuntimePlugin [roughlyenoughitems]/" done in 12.79 μs
[03:58:01] [Worker-Main-1/TRACE] [REI] [REIPlugin START] Reloading Section: "reloadable-plugin/FluidComparatorRegistryImpl/" done in 649.9 μs
[03:58:01] [Worker-Main-1/TRACE] [REI] [REIPlugin START] Reloading Section: "reloadable-plugin/DisplaySerializerRegistryImpl/"
[03:58:01] [Worker-Main-1/TRACE] [REI] [REIPlugin START] Reloading Section: "reloadable-plugin/DisplaySerializerRegistryImpl/DefaultPluginImpl of DefaultPluginImpl [roughlyenoughitems]/"
[03:58:01] [Worker-Main-1/TRACE] [REI] [REIPlugin START] Reloading Section: "reloadable-plugin/DisplaySerializerRegistryImpl/DefaultPluginImpl of DefaultPluginImpl [roughlyenoughitems]/" done in 12.16 μs
[03:58:01] [Worker-Main-1/TRACE] [REI] [REIPlugin START] Reloading Section: "reloadable-plugin/DisplaySerializerRegistryImpl/DefaultRuntimePlugin of DefaultRuntimePlugin [roughlyenoughitems]/"
[03:58:01] [Worker-Main-1/TRACE] [REI] [REIPlugin START] Reloading Section: "reloadable-plugin/DisplaySerializerRegistryImpl/DefaultRuntimePlugin of DefaultRuntimePlugin [roughlyenoughitems]/" done in 11.66 μs
[03:58:01] [Worker-Main-1/TRACE] [REI] [REIPlugin START] Reloading Section: "reloadable-plugin/DisplaySerializerRegistryImpl/" done in 618.0 μs
[03:58:01] [Worker-Main-1/TRACE] [REI] [REIPlugin START] Reloading Section: "reloadable-plugin/FluidSupportProviderImpl/"
[03:58:01] [Worker-Main-1/TRACE] [REI] [REIPlugin START] Reloading Section: "reloadable-plugin/FluidSupportProviderImpl/DefaultPluginImpl of DefaultPluginImpl [roughlyenoughitems]/"
[03:58:01] [Worker-Main-1/TRACE] [REI] [REIPlugin START] Reloading Section: "reloadable-plugin/FluidSupportProviderImpl/DefaultPluginImpl of DefaultPluginImpl [roughlyenoughitems]/" done in 683.5 μs
[03:58:01] [Worker-Main-1/TRACE] [REI] [REIPlugin START] Reloading Section: "reloadable-plugin/FluidSupportProviderImpl/DefaultRuntimePlugin of DefaultRuntimePlugin [roughlyenoughitems]/"
[03:58:01] [Worker-Main-1/TRACE] [REI] [REIPlugin START] Reloading Section: "reloadable-plugin/FluidSupportProviderImpl/DefaultRuntimePlugin of DefaultRuntimePlugin [roughlyenoughitems]/" done in 22.17 μs
[03:58:01] [Worker-Main-1/TRACE] [REI] [REIPlugin START] Reloading Section: "reloadable-plugin/FluidSupportProviderImpl/" done in 1.403 ms
[03:58:01] [Worker-Main-1/DEBUG] [REI] ========================================
[03:58:01] [Worker-Main-1/DEBUG] [REI] REIPlugin ending main-reload for START.
[03:58:01] [Worker-Main-1/DEBUG] [REI] ========================================
[03:58:01] [Worker-Main-1/TRACE] [REI] [REIPlugin START] Reloading Section: "end-reload/"
[03:58:01] [Worker-Main-1/TRACE] [REI] [REIPlugin START] Reloading Section: "end-reload/EntryTypeRegistryImpl/"
[03:58:01] [Worker-Main-1/TRACE] [REI] [REIPlugin START] Reloading Section: "end-reload/EntryTypeRegistryImpl/" done in 13.82 μs
[03:58:01] [Worker-Main-1/TRACE] [REI] [REIPlugin START] Reloading Section: "end-reload/EntrySettingsAdapterRegistryImpl/"
[03:58:01] [Worker-Main-1/TRACE] [REI] [REIPlugin START] Reloading Section: "end-reload/EntrySettingsAdapterRegistryImpl/" done in 6.653 μs
[03:58:01] [Worker-Main-1/TRACE] [REI] [REIPlugin START] Reloading Section: "end-reload/RecipeManagerContextImpl/"
[03:58:01] [Worker-Main-1/TRACE] [REI] [REIPlugin START] Reloading Section: "end-reload/RecipeManagerContextImpl/" done in 6.132 μs
[03:58:01] [Worker-Main-1/TRACE] [REI] [REIPlugin START] Reloading Section: "end-reload/ItemComparatorRegistryImpl/"
[03:58:01] [Worker-Main-1/TRACE] [REI] [REIPlugin START] Reloading Section: "end-reload/ItemComparatorRegistryImpl/" done in 7.504 μs
[03:58:01] [Worker-Main-1/TRACE] [REI] [REIPlugin START] Reloading Section: "end-reload/FluidComparatorRegistryImpl/"
[03:58:01] [Worker-Main-1/TRACE] [REI] [REIPlugin START] Reloading Section: "end-reload/FluidComparatorRegistryImpl/" done in 7.173 μs
[03:58:01] [Worker-Main-1/TRACE] [REI] [REIPlugin START] Reloading Section: "end-reload/DisplaySerializerRegistryImpl/"
[03:58:01] [Worker-Main-1/TRACE] [REI] [REIPlugin START] Reloading Section: "end-reload/DisplaySerializerRegistryImpl/" done in 11.41 μs
[03:58:01] [Worker-Main-1/TRACE] [REI] [REIPlugin START] Reloading Section: "end-reload/FluidSupportProviderImpl/"
[03:58:01] [Worker-Main-1/TRACE] [REI] [REIPlugin START] Reloading Section: "end-reload/FluidSupportProviderImpl/" done in 6.993 μs
[03:58:01] [Worker-Main-1/TRACE] [REI] [REIPlugin START] Reloading Section: "end-reload/" done in 2.147 ms
[03:58:01] [Worker-Main-1/DEBUG] [REI] ========================================
[03:58:01] [Worker-Main-1/DEBUG] [REI] REIPlugin ended main-reload for START in 29.02 ms.
[03:58:01] [Worker-Main-1/DEBUG] [REI] ========================================
[03:58:01] [Worker-Main-1/INFO] [REI] ++++++++++++++++++++++++++++++++++++++++
[03:58:01] [Worker-Main-1/INFO] [REI] REIServerPlugin starting main-reload for START.
[03:58:01] [Worker-Main-1/DEBUG] [REI] Reloadables (2):
[03:58:01] [Worker-Main-1/DEBUG] [REI]  - MenuInfoRegistryImpl
[03:58:01] [Worker-Main-1/DEBUG] [REI]  - SlotAccessorRegistryImpl
[03:58:01] [Worker-Main-1/INFO] [REI] Plugins (2):
[03:58:01] [Worker-Main-1/INFO] [REI]  - (-100.00) DefaultPluginImpl of DefaultPluginImpl [roughlyenoughitems]
[03:58:01] [Worker-Main-1/INFO] [REI]  - (0.00) DefaultRuntimePlugin of DefaultRuntimePlugin [roughlyenoughitems]
[03:58:01] [Worker-Main-1/INFO] [REI] ++++++++++++++++++++++++++++++++++++++++
[03:58:01] [Worker-Main-1/TRACE] [REI] [REIServerPlugin START] Reloading Section: "start-reload/"
[03:58:01] [Worker-Main-1/TRACE] [REI] [REIServerPlugin START] Reloading Section: "start-reload/MenuInfoRegistryImpl/"
[03:58:01] [Worker-Main-1/TRACE] [REI] [REIServerPlugin START] Reloading Section: "start-reload/MenuInfoRegistryImpl/" done in 10.20 μs
[03:58:01] [Worker-Main-1/TRACE] [REI] [REIServerPlugin START] Reloading Section: "start-reload/SlotAccessorRegistryImpl/"
[03:58:01] [Worker-Main-1/TRACE] [REI] [REIServerPlugin START] Reloading Section: "start-reload/SlotAccessorRegistryImpl/" done in 9.899 μs
[03:58:01] [Worker-Main-1/TRACE] [REI] [REIServerPlugin START] Reloading Section: "start-reload/" done in 690.4 μs
[03:58:01] [Worker-Main-1/DEBUG] [REI] ========================================
[03:58:01] [Worker-Main-1/DEBUG] [REI] REIServerPlugin started main-reload for START.
[03:58:01] [Worker-Main-1/DEBUG] [REI] ========================================
[03:58:01] [Worker-Main-1/TRACE] [REI] [REIServerPlugin START] Reloading Section: "reloadable-plugin/MenuInfoRegistryImpl/"
[03:58:01] [Worker-Main-1/TRACE] [REI] [REIServerPlugin START] Reloading Section: "reloadable-plugin/MenuInfoRegistryImpl/DefaultPluginImpl of DefaultPluginImpl [roughlyenoughitems]/"
[03:58:01] [Worker-Main-1/TRACE] [REI] [REIServerPlugin START] Reloading Section: "reloadable-plugin/MenuInfoRegistryImpl/DefaultPluginImpl of DefaultPluginImpl [roughlyenoughitems]/" done in 18.75 μs
[03:58:01] [Worker-Main-1/TRACE] [REI] [REIServerPlugin START] Reloading Section: "reloadable-plugin/MenuInfoRegistryImpl/DefaultRuntimePlugin of DefaultRuntimePlugin [roughlyenoughitems]/"
[03:58:01] [Worker-Main-1/TRACE] [REI] [REIServerPlugin START] Reloading Section: "reloadable-plugin/MenuInfoRegistryImpl/DefaultRuntimePlugin of DefaultRuntimePlugin [roughlyenoughitems]/" done in 14.30 μs
[03:58:01] [Worker-Main-1/TRACE] [REI] [REIServerPlugin START] Reloading Section: "reloadable-plugin/MenuInfoRegistryImpl/" done in 735.6 μs
[03:58:01] [Worker-Main-1/TRACE] [REI] [REIServerPlugin START] Reloading Section: "reloadable-plugin/SlotAccessorRegistryImpl/"
[03:58:01] [Worker-Main-1/TRACE] [REI] [REIServerPlugin START] Reloading Section: "reloadable-plugin/SlotAccessorRegistryImpl/DefaultPluginImpl of DefaultPluginImpl [roughlyenoughitems]/"
[03:58:01] [Worker-Main-1/TRACE] [REI] [REIServerPlugin START] Reloading Section: "reloadable-plugin/SlotAccessorRegistryImpl/DefaultPluginImpl of DefaultPluginImpl [roughlyenoughitems]/" done in 11.84 μs
[03:58:01] [Worker-Main-1/TRACE] [REI] [REIServerPlugin START] Reloading Section: "reloadable-plugin/SlotAccessorRegistryImpl/DefaultRuntimePlugin of DefaultRuntimePlugin [roughlyenoughitems]/"
[03:58:01] [Worker-Main-1/TRACE] [REI] [REIServerPlugin START] Reloading Section: "reloadable-plugin/SlotAccessorRegistryImpl/DefaultRuntimePlugin of DefaultRuntimePlugin [roughlyenoughitems]/" done in 10.71 μs
[03:58:01] [Worker-Main-1/TRACE] [REI] [REIServerPlugin START] Reloading Section: "reloadable-plugin/SlotAccessorRegistryImpl/" done in 615.0 μs
[03:58:01] [Worker-Main-1/DEBUG] [REI] ========================================
[03:58:01] [Worker-Main-1/DEBUG] [REI] REIServerPlugin ending main-reload for START.
[03:58:01] [Worker-Main-1/DEBUG] [REI] ========================================
[03:58:01] [Worker-Main-1/TRACE] [REI] [REIServerPlugin START] Reloading Section: "end-reload/"
[03:58:01] [Worker-Main-1/TRACE] [REI] [REIServerPlugin START] Reloading Section: "end-reload/MenuInfoRegistryImpl/"
[03:58:01] [Worker-Main-1/TRACE] [REI] [REIServerPlugin START] Reloading Section: "end-reload/MenuInfoRegistryImpl/" done in 7.244 μs
[03:58:01] [Worker-Main-1/TRACE] [REI] [REIServerPlugin START] Reloading Section: "end-reload/SlotAccessorRegistryImpl/"
[03:58:01] [Worker-Main-1/TRACE] [REI] [REIServerPlugin START] Reloading Section: "end-reload/SlotAccessorRegistryImpl/" done in 21.61 μs
[03:58:01] [Worker-Main-1/TRACE] [REI] [REIServerPlugin START] Reloading Section: "end-reload/" done in 573.2 μs
[03:58:01] [Worker-Main-1/DEBUG] [REI] ========================================
[03:58:01] [Worker-Main-1/DEBUG] [REI] REIServerPlugin ended main-reload for START in 5.947 ms.
[03:58:01] [Worker-Main-1/DEBUG] [REI] ========================================
[03:58:01] [Worker-Main-1/DEBUG] [REI] ========================================
[03:58:01] [Worker-Main-1/DEBUG] [REI] REIPlugin starting post-reload for START.
[03:58:01] [Worker-Main-1/DEBUG] [REI] Reloadables (7):
[03:58:01] [Worker-Main-1/DEBUG] [REI]  - EntryTypeRegistryImpl
[03:58:01] [Worker-Main-1/DEBUG] [REI]  - EntrySettingsAdapterRegistryImpl
[03:58:01] [Worker-Main-1/DEBUG] [REI]  - RecipeManagerContextImpl
[03:58:01] [Worker-Main-1/DEBUG] [REI]  - ItemComparatorRegistryImpl
[03:58:01] [Worker-Main-1/DEBUG] [REI]  - FluidComparatorRegistryImpl
[03:58:01] [Worker-Main-1/DEBUG] [REI]  - DisplaySerializerRegistryImpl
[03:58:01] [Worker-Main-1/DEBUG] [REI]  - FluidSupportProviderImpl
[03:58:01] [Worker-Main-1/DEBUG] [REI] Plugins (2):
[03:58:01] [Worker-Main-1/DEBUG] [REI]  - (-100.00) DefaultPluginImpl of DefaultPluginImpl [roughlyenoughitems]
[03:58:01] [Worker-Main-1/DEBUG] [REI]  - (0.00) DefaultRuntimePlugin of DefaultRuntimePlugin [roughlyenoughitems]
[03:58:01] [Worker-Main-1/DEBUG] [REI] ========================================
[03:58:01] [Worker-Main-1/TRACE] [REI] [REIPlugin START] Reloading Section: "post-register/"
[03:58:01] [Worker-Main-1/TRACE] [REI] [REIPlugin START] Reloading Section: "post-register/DefaultPluginImpl of DefaultPluginImpl [roughlyenoughitems]/"
[03:58:01] [Worker-Main-1/TRACE] [REI] [REIPlugin START] Reloading Section: "post-register/DefaultPluginImpl of DefaultPluginImpl [roughlyenoughitems]/" done in 181.7 μs
[03:58:01] [Worker-Main-1/TRACE] [REI] [REIPlugin START] Reloading Section: "post-register/DefaultRuntimePlugin of DefaultRuntimePlugin [roughlyenoughitems]/"
[03:58:01] [Worker-Main-1/TRACE] [REI] [REIPlugin START] Reloading Section: "post-register/DefaultRuntimePlugin of DefaultRuntimePlugin [roughlyenoughitems]/" done in 9.287 μs
[03:58:01] [Worker-Main-1/TRACE] [REI] [REIPlugin START] Reloading Section: "post-register/" done in 1.143 ms
[03:58:01] [Worker-Main-1/TRACE] [REI] [REIPlugin START] Reloading Section: "post-stage/"
[03:58:01] [Worker-Main-1/TRACE] [REI] [REIPlugin START] Reloading Section: "post-stage/EntryTypeRegistryImpl/"
[03:58:01] [Worker-Main-1/TRACE] [REI] [REIPlugin START] Reloading Section: "post-stage/EntryTypeRegistryImpl/" done in 11.37 μs
[03:58:01] [Worker-Main-1/TRACE] [REI] [REIPlugin START] Reloading Section: "post-stage/EntrySettingsAdapterRegistryImpl/"
[03:58:01] [Worker-Main-1/TRACE] [REI] [REIPlugin START] Reloading Section: "post-stage/EntrySettingsAdapterRegistryImpl/" done in 5.340 μs
[03:58:01] [Worker-Main-1/TRACE] [REI] [REIPlugin START] Reloading Section: "post-stage/RecipeManagerContextImpl/"
[03:58:01] [Worker-Main-1/TRACE] [REI] [REIPlugin START] Reloading Section: "post-stage/RecipeManagerContextImpl/" done in 5.179 μs
[03:58:01] [Worker-Main-1/TRACE] [REI] [REIPlugin START] Reloading Section: "post-stage/ItemComparatorRegistryImpl/"
[03:58:01] [Worker-Main-1/TRACE] [REI] [REIPlugin START] Reloading Section: "post-stage/ItemComparatorRegistryImpl/" done in 5.190 μs
[03:58:01] [Worker-Main-1/TRACE] [REI] [REIPlugin START] Reloading Section: "post-stage/FluidComparatorRegistryImpl/"
[03:58:01] [Worker-Main-1/TRACE] [REI] [REIPlugin START] Reloading Section: "post-stage/FluidComparatorRegistryImpl/" done in 5.330 μs
[03:58:01] [Worker-Main-1/TRACE] [REI] [REIPlugin START] Reloading Section: "post-stage/DisplaySerializerRegistryImpl/"
[03:58:01] [Worker-Main-1/TRACE] [REI] [REIPlugin START] Reloading Section: "post-stage/DisplaySerializerRegistryImpl/" done in 4.939 μs
[03:58:01] [Worker-Main-1/TRACE] [REI] [REIPlugin START] Reloading Section: "post-stage/FluidSupportProviderImpl/"
[03:58:01] [Worker-Main-1/TRACE] [REI] [REIPlugin START] Reloading Section: "post-stage/FluidSupportProviderImpl/" done in 5.269 μs
[03:58:01] [Worker-Main-1/TRACE] [REI] [REIPlugin START] Reloading Section: "post-stage/" done in 2.050 ms
[03:58:01] [Worker-Main-1/DEBUG] [REI] ========================================
[03:58:01] [Worker-Main-1/INFO] [REI] REIPlugin finished post-reload for START in 4.098 ms, totaling 68.40 ms.
[03:58:01] [Worker-Main-1/DEBUG] [REI] ========================================
[03:58:01] [Worker-Main-1/DEBUG] [REI] ========================================
[03:58:01] [Worker-Main-1/DEBUG] [REI] REIServerPlugin starting post-reload for START.
[03:58:01] [Worker-Main-1/DEBUG] [REI] Reloadables (2):
[03:58:01] [Worker-Main-1/DEBUG] [REI]  - MenuInfoRegistryImpl
[03:58:01] [Worker-Main-1/DEBUG] [REI]  - SlotAccessorRegistryImpl
[03:58:01] [Worker-Main-1/DEBUG] [REI] Plugins (2):
[03:58:01] [Worker-Main-1/DEBUG] [REI]  - (-100.00) DefaultPluginImpl of DefaultPluginImpl [roughlyenoughitems]
[03:58:01] [Worker-Main-1/DEBUG] [REI]  - (0.00) DefaultRuntimePlugin of DefaultRuntimePlugin [roughlyenoughitems]
[03:58:01] [Worker-Main-1/DEBUG] [REI] ========================================
[03:58:01] [Worker-Main-1/TRACE] [REI] [REIServerPlugin START] Reloading Section: "post-register/"
[03:58:01] [Worker-Main-1/TRACE] [REI] [REIServerPlugin START] Reloading Section: "post-register/DefaultPluginImpl of DefaultPluginImpl [roughlyenoughitems]/"
[03:58:01] [Worker-Main-1/TRACE] [REI] [REIServerPlugin START] Reloading Section: "post-register/DefaultPluginImpl of DefaultPluginImpl [roughlyenoughitems]/" done in 9.999 μs
[03:58:01] [Worker-Main-1/TRACE] [REI] [REIServerPlugin START] Reloading Section: "post-register/DefaultRuntimePlugin of DefaultRuntimePlugin [roughlyenoughitems]/"
[03:58:01] [Worker-Main-1/TRACE] [REI] [REIServerPlugin START] Reloading Section: "post-register/DefaultRuntimePlugin of DefaultRuntimePlugin [roughlyenoughitems]/" done in 7.604 μs
[03:58:01] [Worker-Main-1/TRACE] [REI] [REIServerPlugin START] Reloading Section: "post-register/" done in 615.5 μs
[03:58:01] [Worker-Main-1/TRACE] [REI] [REIServerPlugin START] Reloading Section: "post-stage/"
[03:58:01] [Worker-Main-1/TRACE] [REI] [REIServerPlugin START] Reloading Section: "post-stage/MenuInfoRegistryImpl/"
[03:58:01] [Worker-Main-1/TRACE] [REI] [REIServerPlugin START] Reloading Section: "post-stage/MenuInfoRegistryImpl/" done in 7.353 μs
[03:58:01] [Worker-Main-1/TRACE] [REI] [REIServerPlugin START] Reloading Section: "post-stage/SlotAccessorRegistryImpl/"
[03:58:01] [Worker-Main-1/TRACE] [REI] [REIServerPlugin START] Reloading Section: "post-stage/SlotAccessorRegistryImpl/" done in 5.510 μs
[03:58:01] [Worker-Main-1/TRACE] [REI] [REIServerPlugin START] Reloading Section: "post-stage/" done in 553.2 μs
[03:58:01] [Worker-Main-1/DEBUG] [REI] ========================================
[03:58:01] [Worker-Main-1/INFO] [REI] REIServerPlugin finished post-reload for START in 1.820 ms, totaling 9.629 ms.
[03:58:01] [Worker-Main-1/DEBUG] [REI] ========================================
[03:58:01] [Worker-Main-1/DEBUG] [REI] ========================================
[03:58:01] [Worker-Main-1/DEBUG] [REI] REIPlugin starting pre-reload for END.
[03:58:01] [Worker-Main-1/DEBUG] [REI] Reloadables (7):
[03:58:01] [Worker-Main-1/DEBUG] [REI]  - EntryTypeRegistryImpl
[03:58:01] [Worker-Main-1/DEBUG] [REI]  - EntrySettingsAdapterRegistryImpl
[03:58:01] [Worker-Main-1/DEBUG] [REI]  - RecipeManagerContextImpl
[03:58:01] [Worker-Main-1/DEBUG] [REI]  - ItemComparatorRegistryImpl
[03:58:01] [Worker-Main-1/DEBUG] [REI]  - FluidComparatorRegistryImpl
[03:58:01] [Worker-Main-1/DEBUG] [REI]  - DisplaySerializerRegistryImpl
[03:58:01] [Worker-Main-1/DEBUG] [REI]  - FluidSupportProviderImpl
[03:58:01] [Worker-Main-1/DEBUG] [REI] Plugins (2):
[03:58:01] [Worker-Main-1/DEBUG] [REI]  - (-100.00) DefaultPluginImpl of DefaultPluginImpl [roughlyenoughitems]
[03:58:01] [Worker-Main-1/DEBUG] [REI]  - (0.00) DefaultRuntimePlugin of DefaultRuntimePlugin [roughlyenoughitems]
[03:58:01] [Worker-Main-1/DEBUG] [REI] ========================================
[03:58:01] [Worker-Main-1/TRACE] [REI] [REIPlugin END] Reloading Section: "pre-register/"
[03:58:01] [Worker-Main-1/TRACE] [REI] [REIPlugin END] Reloading Section: "pre-register/DefaultPluginImpl of DefaultPluginImpl [roughlyenoughitems]/"
[03:58:01] [Worker-Main-1/TRACE] [REI] [REIPlugin END] Reloading Section: "pre-register/DefaultPluginImpl of DefaultPluginImpl [roughlyenoughitems]/" done in 9.718 μs
[03:58:01] [Worker-Main-1/TRACE] [REI] [REIPlugin END] Reloading Section: "pre-register/DefaultRuntimePlugin of DefaultRuntimePlugin [roughlyenoughitems]/"
[03:58:01] [Worker-Main-1/TRACE] [REI] [REIPlugin END] Reloading Section: "pre-register/DefaultRuntimePlugin of DefaultRuntimePlugin [roughlyenoughitems]/" done in 8.807 μs
[03:58:01] [Worker-Main-1/TRACE] [REI] [REIPlugin END] Reloading Section: "pre-register/" done in 637.0 μs
[03:58:01] [Worker-Main-1/TRACE] [REI] [REIPlugin END] Reloading Section: "pre-stage/"
[03:58:01] [Worker-Main-1/TRACE] [REI] [REIPlugin END] Reloading Section: "pre-stage/EntryTypeRegistryImpl/"
[03:58:01] [Worker-Main-1/TRACE] [REI] [REIPlugin END] Reloading Section: "pre-stage/EntryTypeRegistryImpl/" done in 6.481 μs
[03:58:01] [Worker-Main-1/TRACE] [REI] [REIPlugin END] Reloading Section: "pre-stage/EntrySettingsAdapterRegistryImpl/"
[03:58:01] [Worker-Main-1/TRACE] [REI] [REIPlugin END] Reloading Section: "pre-stage/EntrySettingsAdapterRegistryImpl/" done in 6.853 μs
[03:58:01] [Worker-Main-1/TRACE] [REI] [REIPlugin END] Reloading Section: "pre-stage/RecipeManagerContextImpl/"
[03:58:01] [Worker-Main-1/TRACE] [REI] [REIPlugin END] Reloading Section: "pre-stage/RecipeManagerContextImpl/" done in 6.733 μs
[03:58:01] [Worker-Main-1/TRACE] [REI] [REIPlugin END] Reloading Section: "pre-stage/ItemComparatorRegistryImpl/"
[03:58:01] [Worker-Main-1/TRACE] [REI] [REIPlugin END] Reloading Section: "pre-stage/ItemComparatorRegistryImpl/" done in 6.301 μs
[03:58:01] [Worker-Main-1/TRACE] [REI] [REIPlugin END] Reloading Section: "pre-stage/FluidComparatorRegistryImpl/"
[03:58:01] [Worker-Main-1/TRACE] [REI] [REIPlugin END] Reloading Section: "pre-stage/FluidComparatorRegistryImpl/" done in 6.893 μs
[03:58:01] [Worker-Main-1/TRACE] [REI] [REIPlugin END] Reloading Section: "pre-stage/DisplaySerializerRegistryImpl/"
[03:58:01] [Worker-Main-1/TRACE] [REI] [REIPlugin END] Reloading Section: "pre-stage/DisplaySerializerRegistryImpl/" done in 7.263 μs
[03:58:01] [Worker-Main-1/TRACE] [REI] [REIPlugin END] Reloading Section: "pre-stage/FluidSupportProviderImpl/"
[03:58:01] [Worker-Main-1/TRACE] [REI] [REIPlugin END] Reloading Section: "pre-stage/FluidSupportProviderImpl/" done in 6.362 μs
[03:58:01] [Worker-Main-1/TRACE] [REI] [REIPlugin END] Reloading Section: "pre-stage/" done in 2.000 ms
[03:58:01] [Worker-Main-1/DEBUG] [REI] ========================================
[03:58:01] [Worker-Main-1/DEBUG] [REI] REIPlugin finished pre-reload for END in 3.179 ms.
[03:58:01] [Worker-Main-1/DEBUG] [REI] ========================================
[03:58:01] [Worker-Main-1/DEBUG] [REI] ========================================
[03:58:01] [Worker-Main-1/DEBUG] [REI] REIServerPlugin starting pre-reload for END.
[03:58:01] [Worker-Main-1/DEBUG] [REI] Reloadables (2):
[03:58:01] [Worker-Main-1/DEBUG] [REI]  - MenuInfoRegistryImpl
[03:58:01] [Worker-Main-1/DEBUG] [REI]  - SlotAccessorRegistryImpl
[03:58:01] [Worker-Main-1/DEBUG] [REI] Plugins (2):
[03:58:01] [Worker-Main-1/DEBUG] [REI]  - (-100.00) DefaultPluginImpl of DefaultPluginImpl [roughlyenoughitems]
[03:58:01] [Worker-Main-1/DEBUG] [REI]  - (0.00) DefaultRuntimePlugin of DefaultRuntimePlugin [roughlyenoughitems]
[03:58:01] [Worker-Main-1/DEBUG] [REI] ========================================
[03:58:01] [Worker-Main-1/TRACE] [REI] [REIServerPlugin END] Reloading Section: "pre-register/"
[03:58:01] [Worker-Main-1/TRACE] [REI] [REIServerPlugin END] Reloading Section: "pre-register/DefaultPluginImpl of DefaultPluginImpl [roughlyenoughitems]/"
[03:58:01] [Worker-Main-1/TRACE] [REI] [REIServerPlugin END] Reloading Section: "pre-register/DefaultPluginImpl of DefaultPluginImpl [roughlyenoughitems]/" done in 9.398 μs
[03:58:01] [Worker-Main-1/TRACE] [REI] [REIServerPlugin END] Reloading Section: "pre-register/DefaultRuntimePlugin of DefaultRuntimePlugin [roughlyenoughitems]/"
[03:58:01] [Worker-Main-1/TRACE] [REI] [REIServerPlugin END] Reloading Section: "pre-register/DefaultRuntimePlugin of DefaultRuntimePlugin [roughlyenoughitems]/" done in 8.686 μs
[03:58:01] [Worker-Main-1/TRACE] [REI] [REIServerPlugin END] Reloading Section: "pre-register/" done in 617.7 μs
[03:58:01] [Worker-Main-1/TRACE] [REI] [REIServerPlugin END] Reloading Section: "pre-stage/"
[03:58:01] [Worker-Main-1/TRACE] [REI] [REIServerPlugin END] Reloading Section: "pre-stage/MenuInfoRegistryImpl/"
[03:58:01] [Worker-Main-1/TRACE] [REI] [REIServerPlugin END] Reloading Section: "pre-stage/MenuInfoRegistryImpl/" done in 7.584 μs
[03:58:01] [Worker-Main-1/TRACE] [REI] [REIServerPlugin END] Reloading Section: "pre-stage/SlotAccessorRegistryImpl/"
[03:58:01] [Worker-Main-1/TRACE] [REI] [REIServerPlugin END] Reloading Section: "pre-stage/SlotAccessorRegistryImpl/" done in 6.573 μs
[03:58:01] [Worker-Main-1/TRACE] [REI] [REIServerPlugin END] Reloading Section: "pre-stage/" done in 597.2 μs
[03:58:01] [Worker-Main-1/DEBUG] [REI] ========================================
[03:58:01] [Worker-Main-1/DEBUG] [REI] REIServerPlugin finished pre-reload for END in 1.759 ms.
[03:58:01] [Worker-Main-1/DEBUG] [REI] ========================================
[03:58:01] [Worker-Main-1/INFO] [REI] @@@@@@@@@@@@@@@@@@@@@@@@@@@@@@@@@@@@@@@@
[03:58:01] [Worker-Main-1/INFO] [REI] REIPlugin starting main-reload for END.
[03:58:01] [Worker-Main-1/DEBUG] [REI] Reloadables (7):
[03:58:01] [Worker-Main-1/DEBUG] [REI]  - EntryTypeRegistryImpl
[03:58:01] [Worker-Main-1/DEBUG] [REI]  - EntrySettingsAdapterRegistryImpl
[03:58:01] [Worker-Main-1/DEBUG] [REI]  - RecipeManagerContextImpl
[03:58:01] [Worker-Main-1/DEBUG] [REI]  - ItemComparatorRegistryImpl
[03:58:01] [Worker-Main-1/DEBUG] [REI]  - FluidComparatorRegistryImpl
[03:58:01] [Worker-Main-1/DEBUG] [REI]  - DisplaySerializerRegistryImpl
[03:58:01] [Worker-Main-1/DEBUG] [REI]  - FluidSupportProviderImpl
[03:58:01] [Worker-Main-1/INFO] [REI] Plugins (2):
[03:58:01] [Worker-Main-1/INFO] [REI]  - (-100.00) DefaultPluginImpl of DefaultPluginImpl [roughlyenoughitems]
[03:58:01] [Worker-Main-1/INFO] [REI]  - (0.00) DefaultRuntimePlugin of DefaultRuntimePlugin [roughlyenoughitems]
[03:58:01] [Worker-Main-1/INFO] [REI] @@@@@@@@@@@@@@@@@@@@@@@@@@@@@@@@@@@@@@@@
[03:58:01] [Worker-Main-1/TRACE] [REI] [REIPlugin END] Reloading Section: "start-reload/"
[03:58:01] [Worker-Main-1/TRACE] [REI] [REIPlugin END] Reloading Section: "start-reload/EntryTypeRegistryImpl/"
[03:58:01] [Worker-Main-1/TRACE] [REI] [REIPlugin END] Reloading Section: "start-reload/EntryTypeRegistryImpl/" done in 9.879 μs
[03:58:01] [Worker-Main-1/TRACE] [REI] [REIPlugin END] Reloading Section: "start-reload/EntrySettingsAdapterRegistryImpl/"
[03:58:01] [Worker-Main-1/TRACE] [REI] [REIPlugin END] Reloading Section: "start-reload/EntrySettingsAdapterRegistryImpl/" done in 20.98 μs
[03:58:01] [Worker-Main-1/TRACE] [REI] [REIPlugin END] Reloading Section: "start-reload/RecipeManagerContextImpl/"
[03:58:01] [Worker-Main-1/TRACE] [REI] [REIPlugin END] Reloading Section: "start-reload/RecipeManagerContextImpl/" done in 8.516 μs
[03:58:01] [Worker-Main-1/TRACE] [REI] [REIPlugin END] Reloading Section: "start-reload/ItemComparatorRegistryImpl/"
[03:58:01] [Worker-Main-1/TRACE] [REI] [REIPlugin END] Reloading Section: "start-reload/ItemComparatorRegistryImpl/" done in 6.843 μs
[03:58:01] [Worker-Main-1/TRACE] [REI] [REIPlugin END] Reloading Section: "start-reload/FluidComparatorRegistryImpl/"
[03:58:01] [Worker-Main-1/TRACE] [REI] [REIPlugin END] Reloading Section: "start-reload/FluidComparatorRegistryImpl/" done in 5.561 μs
[03:58:01] [Worker-Main-1/TRACE] [REI] [REIPlugin END] Reloading Section: "start-reload/DisplaySerializerRegistryImpl/"
[03:58:01] [Worker-Main-1/TRACE] [REI] [REIPlugin END] Reloading Section: "start-reload/DisplaySerializerRegistryImpl/" done in 15.28 μs
[03:58:01] [Worker-Main-1/TRACE] [REI] [REIPlugin END] Reloading Section: "start-reload/FluidSupportProviderImpl/"
[03:58:01] [Worker-Main-1/TRACE] [REI] [REIPlugin END] Reloading Section: "start-reload/FluidSupportProviderImpl/" done in 9.117 μs
[03:58:01] [Worker-Main-1/TRACE] [REI] [REIPlugin END] Reloading Section: "start-reload/" done in 1.940 ms
[03:58:01] [Worker-Main-1/DEBUG] [REI] ========================================
[03:58:01] [Worker-Main-1/DEBUG] [REI] REIPlugin started main-reload for END.
[03:58:01] [Worker-Main-1/DEBUG] [REI] ========================================
[03:58:01] [Worker-Main-1/TRACE] [REI] [REIPlugin END] Reloading Section: "reloadable-plugin/EntryTypeRegistryImpl/"
[03:58:01] [Worker-Main-1/TRACE] [REI] [REIPlugin END] Reloading Section: "reloadable-plugin/EntryTypeRegistryImpl/DefaultPluginImpl of DefaultPluginImpl [roughlyenoughitems]/"
[03:58:01] [Worker-Main-1/TRACE] [REI] [REIPlugin END] Reloading Section: "reloadable-plugin/EntryTypeRegistryImpl/DefaultPluginImpl of DefaultPluginImpl [roughlyenoughitems]/" done in 16.11 μs
[03:58:01] [Worker-Main-1/TRACE] [REI] [REIPlugin END] Reloading Section: "reloadable-plugin/EntryTypeRegistryImpl/DefaultRuntimePlugin of DefaultRuntimePlugin [roughlyenoughitems]/"
[03:58:01] [Worker-Main-1/TRACE] [REI] [REIPlugin END] Reloading Section: "reloadable-plugin/EntryTypeRegistryImpl/DefaultRuntimePlugin of DefaultRuntimePlugin [roughlyenoughitems]/" done in 13.70 μs
[03:58:01] [Worker-Main-1/TRACE] [REI] [REIPlugin END] Reloading Section: "reloadable-plugin/EntryTypeRegistryImpl/" done in 601.7 μs
[03:58:01] [Worker-Main-1/TRACE] [REI] [REIPlugin END] Reloading Section: "reloadable-plugin/EntrySettingsAdapterRegistryImpl/"
[03:58:01] [Worker-Main-1/TRACE] [REI] [REIPlugin END] Reloading Section: "reloadable-plugin/EntrySettingsAdapterRegistryImpl/DefaultPluginImpl of DefaultPluginImpl [roughlyenoughitems]/"
[03:58:01] [Worker-Main-1/TRACE] [REI] [REIPlugin END] Reloading Section: "reloadable-plugin/EntrySettingsAdapterRegistryImpl/DefaultPluginImpl of DefaultPluginImpl [roughlyenoughitems]/" done in 22.15 μs
[03:58:01] [Worker-Main-1/TRACE] [REI] [REIPlugin END] Reloading Section: "reloadable-plugin/EntrySettingsAdapterRegistryImpl/DefaultRuntimePlugin of DefaultRuntimePlugin [roughlyenoughitems]/"
[03:58:01] [Worker-Main-1/TRACE] [REI] [REIPlugin END] Reloading Section: "reloadable-plugin/EntrySettingsAdapterRegistryImpl/DefaultRuntimePlugin of DefaultRuntimePlugin [roughlyenoughitems]/" done in 15.07 μs
[03:58:01] [Worker-Main-1/TRACE] [REI] [REIPlugin END] Reloading Section: "reloadable-plugin/EntrySettingsAdapterRegistryImpl/" done in 1.179 ms
[03:58:01] [Worker-Main-1/TRACE] [REI] [REIPlugin END] Reloading Section: "reloadable-plugin/RecipeManagerContextImpl/"
[03:58:01] [Worker-Main-1/TRACE] [REI] [REIPlugin END] Reloading Section: "reloadable-plugin/RecipeManagerContextImpl/DefaultPluginImpl of DefaultPluginImpl [roughlyenoughitems]/"
[03:58:01] [Worker-Main-1/TRACE] [REI] [REIPlugin END] Reloading Section: "reloadable-plugin/RecipeManagerContextImpl/DefaultPluginImpl of DefaultPluginImpl [roughlyenoughitems]/" done in 32.28 μs
[03:58:01] [Worker-Main-1/TRACE] [REI] [REIPlugin END] Reloading Section: "reloadable-plugin/RecipeManagerContextImpl/DefaultRuntimePlugin of DefaultRuntimePlugin [roughlyenoughitems]/"
[03:58:01] [Worker-Main-1/TRACE] [REI] [REIPlugin END] Reloading Section: "reloadable-plugin/RecipeManagerContextImpl/DefaultRuntimePlugin of DefaultRuntimePlugin [roughlyenoughitems]/" done in 13.65 μs
[03:58:01] [Worker-Main-1/TRACE] [REI] [REIPlugin END] Reloading Section: "reloadable-plugin/RecipeManagerContextImpl/" done in 1.197 ms
[03:58:01] [Worker-Main-1/TRACE] [REI] [REIPlugin END] Reloading Section: "reloadable-plugin/ItemComparatorRegistryImpl/"
[03:58:01] [Worker-Main-1/TRACE] [REI] [REIPlugin END] Reloading Section: "reloadable-plugin/ItemComparatorRegistryImpl/DefaultPluginImpl of DefaultPluginImpl [roughlyenoughitems]/"
[03:58:01] [Worker-Main-1/TRACE] [REI] [REIPlugin END] Reloading Section: "reloadable-plugin/ItemComparatorRegistryImpl/DefaultPluginImpl of DefaultPluginImpl [roughlyenoughitems]/" done in 12.65 μs
[03:58:01] [Worker-Main-1/TRACE] [REI] [REIPlugin END] Reloading Section: "reloadable-plugin/ItemComparatorRegistryImpl/DefaultRuntimePlugin of DefaultRuntimePlugin [roughlyenoughitems]/"
[03:58:01] [Worker-Main-1/TRACE] [REI] [REIPlugin END] Reloading Section: "reloadable-plugin/ItemComparatorRegistryImpl/DefaultRuntimePlugin of DefaultRuntimePlugin [roughlyenoughitems]/" done in 11.99 μs
[03:58:01] [Worker-Main-1/TRACE] [REI] [REIPlugin END] Reloading Section: "reloadable-plugin/ItemComparatorRegistryImpl/" done in 1.198 ms
[03:58:01] [Worker-Main-1/TRACE] [REI] [REIPlugin END] Reloading Section: "reloadable-plugin/FluidComparatorRegistryImpl/"
[03:58:01] [Worker-Main-1/TRACE] [REI] [REIPlugin END] Reloading Section: "reloadable-plugin/FluidComparatorRegistryImpl/DefaultPluginImpl of DefaultPluginImpl [roughlyenoughitems]/"
[03:58:01] [Worker-Main-1/TRACE] [REI] [REIPlugin END] Reloading Section: "reloadable-plugin/FluidComparatorRegistryImpl/DefaultPluginImpl of DefaultPluginImpl [roughlyenoughitems]/" done in 13.06 μs
[03:58:01] [Worker-Main-1/TRACE] [REI] [REIPlugin END] Reloading Section: "reloadable-plugin/FluidComparatorRegistryImpl/DefaultRuntimePlugin of DefaultRuntimePlugin [roughlyenoughitems]/"
[03:58:01] [Worker-Main-1/TRACE] [REI] [REIPlugin END] Reloading Section: "reloadable-plugin/FluidComparatorRegistryImpl/DefaultRuntimePlugin of DefaultRuntimePlugin [roughlyenoughitems]/" done in 11.25 μs
[03:58:01] [Worker-Main-1/TRACE] [REI] [REIPlugin END] Reloading Section: "reloadable-plugin/FluidComparatorRegistryImpl/" done in 1.321 ms
[03:58:01] [Worker-Main-1/TRACE] [REI] [REIPlugin END] Reloading Section: "reloadable-plugin/DisplaySerializerRegistryImpl/"
[03:58:01] [Worker-Main-1/TRACE] [REI] [REIPlugin END] Reloading Section: "reloadable-plugin/DisplaySerializerRegistryImpl/DefaultPluginImpl of DefaultPluginImpl [roughlyenoughitems]/"
[03:58:01] [Worker-Main-1/TRACE] [REI] [REIPlugin END] Reloading Section: "reloadable-plugin/DisplaySerializerRegistryImpl/DefaultPluginImpl of DefaultPluginImpl [roughlyenoughitems]/" done in 38.83 ms
[03:58:01] [Worker-Main-1/TRACE] [REI] [REIPlugin END] Reloading Section: "reloadable-plugin/DisplaySerializerRegistryImpl/DefaultRuntimePlugin of DefaultRuntimePlugin [roughlyenoughitems]/"
[03:58:01] [Worker-Main-1/TRACE] [REI] [REIPlugin END] Reloading Section: "reloadable-plugin/DisplaySerializerRegistryImpl/DefaultRuntimePlugin of DefaultRuntimePlugin [roughlyenoughitems]/" done in 49.35 μs
[03:58:01] [Worker-Main-1/TRACE] [REI] [REIPlugin END] Reloading Section: "reloadable-plugin/DisplaySerializerRegistryImpl/" done in 40.45 ms
[03:58:01] [Worker-Main-1/TRACE] [REI] [REIPlugin END] Reloading Section: "reloadable-plugin/FluidSupportProviderImpl/"
[03:58:01] [Worker-Main-1/TRACE] [REI] [REIPlugin END] Reloading Section: "reloadable-plugin/FluidSupportProviderImpl/DefaultPluginImpl of DefaultPluginImpl [roughlyenoughitems]/"
[03:58:01] [Worker-Main-1/TRACE] [REI] [REIPlugin END] Reloading Section: "reloadable-plugin/FluidSupportProviderImpl/DefaultPluginImpl of DefaultPluginImpl [roughlyenoughitems]/" done in 16.62 μs
[03:58:01] [Worker-Main-1/TRACE] [REI] [REIPlugin END] Reloading Section: "reloadable-plugin/FluidSupportProviderImpl/DefaultRuntimePlugin of DefaultRuntimePlugin [roughlyenoughitems]/"
[03:58:01] [Worker-Main-1/TRACE] [REI] [REIPlugin END] Reloading Section: "reloadable-plugin/FluidSupportProviderImpl/DefaultRuntimePlugin of DefaultRuntimePlugin [roughlyenoughitems]/" done in 17.20 μs
[03:58:01] [Worker-Main-1/TRACE] [REI] [REIPlugin END] Reloading Section: "reloadable-plugin/FluidSupportProviderImpl/" done in 1.207 ms
[03:58:01] [Worker-Main-1/DEBUG] [REI] ========================================
[03:58:01] [Worker-Main-1/DEBUG] [REI] REIPlugin ending main-reload for END.
[03:58:01] [Worker-Main-1/DEBUG] [REI] ========================================
[03:58:01] [Worker-Main-1/TRACE] [REI] [REIPlugin END] Reloading Section: "end-reload/"
[03:58:01] [Worker-Main-1/TRACE] [REI] [REIPlugin END] Reloading Section: "end-reload/EntryTypeRegistryImpl/"
[03:58:01] [Worker-Main-1/TRACE] [REI] [REIPlugin END] Reloading Section: "end-reload/EntryTypeRegistryImpl/" done in 14.52 μs
[03:58:01] [Worker-Main-1/TRACE] [REI] [REIPlugin END] Reloading Section: "end-reload/EntrySettingsAdapterRegistryImpl/"
[03:58:01] [Worker-Main-1/TRACE] [REI] [REIPlugin END] Reloading Section: "end-reload/EntrySettingsAdapterRegistryImpl/" done in 10.83 μs
[03:58:01] [Worker-Main-1/TRACE] [REI] [REIPlugin END] Reloading Section: "end-reload/RecipeManagerContextImpl/"
[03:58:01] [Worker-Main-1/TRACE] [REI] [REIPlugin END] Reloading Section: "end-reload/RecipeManagerContextImpl/" done in 8.907 μs
[03:58:01] [Worker-Main-1/TRACE] [REI] [REIPlugin END] Reloading Section: "end-reload/ItemComparatorRegistryImpl/"
[03:58:01] [Worker-Main-1/TRACE] [REI] [REIPlugin END] Reloading Section: "end-reload/ItemComparatorRegistryImpl/" done in 10.11 μs
[03:58:01] [Worker-Main-1/TRACE] [REI] [REIPlugin END] Reloading Section: "end-reload/FluidComparatorRegistryImpl/"
[03:58:01] [Worker-Main-1/TRACE] [REI] [REIPlugin END] Reloading Section: "end-reload/FluidComparatorRegistryImpl/" done in 10.56 μs
[03:58:01] [Worker-Main-1/TRACE] [REI] [REIPlugin END] Reloading Section: "end-reload/DisplaySerializerRegistryImpl/"
[03:58:01] [Worker-Main-1/TRACE] [REI] [REIPlugin END] Reloading Section: "end-reload/DisplaySerializerRegistryImpl/" done in 8.255 μs
[03:58:01] [Worker-Main-1/TRACE] [REI] [REIPlugin END] Reloading Section: "end-reload/FluidSupportProviderImpl/"
[03:58:01] [Worker-Main-1/TRACE] [REI] [REIPlugin END] Reloading Section: "end-reload/FluidSupportProviderImpl/" done in 7.544 μs
[03:58:01] [Worker-Main-1/TRACE] [REI] [REIPlugin END] Reloading Section: "end-reload/" done in 6.063 ms
[03:58:01] [Worker-Main-1/DEBUG] [REI] ========================================
[03:58:01] [Worker-Main-1/DEBUG] [REI] REIPlugin ended main-reload for END in 66.18 ms.
[03:58:01] [Worker-Main-1/DEBUG] [REI] ========================================
[03:58:01] [Worker-Main-1/INFO] [REI] ########################################
[03:58:01] [Worker-Main-1/INFO] [REI] REIServerPlugin starting main-reload for END.
[03:58:01] [Worker-Main-1/DEBUG] [REI] Reloadables (2):
[03:58:01] [Worker-Main-1/DEBUG] [REI]  - MenuInfoRegistryImpl
[03:58:01] [Worker-Main-1/DEBUG] [REI]  - SlotAccessorRegistryImpl
[03:58:01] [Worker-Main-1/INFO] [REI] Plugins (2):
[03:58:01] [Worker-Main-1/INFO] [REI]  - (-100.00) DefaultPluginImpl of DefaultPluginImpl [roughlyenoughitems]
[03:58:01] [Worker-Main-1/INFO] [REI]  - (0.00) DefaultRuntimePlugin of DefaultRuntimePlugin [roughlyenoughitems]
[03:58:01] [Worker-Main-1/INFO] [REI] ########################################
[03:58:01] [Worker-Main-1/TRACE] [REI] [REIServerPlugin END] Reloading Section: "start-reload/"
[03:58:01] [Worker-Main-1/TRACE] [REI] [REIServerPlugin END] Reloading Section: "start-reload/MenuInfoRegistryImpl/"
[03:58:01] [Worker-Main-1/TRACE] [REI] [REIServerPlugin END] Reloading Section: "start-reload/MenuInfoRegistryImpl/" done in 23.43 μs
[03:58:01] [Worker-Main-1/TRACE] [REI] [REIServerPlugin END] Reloading Section: "start-reload/SlotAccessorRegistryImpl/"
[03:58:01] [Worker-Main-1/TRACE] [REI] [REIServerPlugin END] Reloading Section: "start-reload/SlotAccessorRegistryImpl/" done in 16.87 μs
[03:58:01] [Worker-Main-1/TRACE] [REI] [REIServerPlugin END] Reloading Section: "start-reload/" done in 629.4 μs
[03:58:01] [Worker-Main-1/DEBUG] [REI] ========================================
[03:58:01] [Worker-Main-1/DEBUG] [REI] REIServerPlugin started main-reload for END.
[03:58:01] [Worker-Main-1/DEBUG] [REI] ========================================
[03:58:01] [Worker-Main-1/TRACE] [REI] [REIServerPlugin END] Reloading Section: "reloadable-plugin/MenuInfoRegistryImpl/"
[03:58:01] [Worker-Main-1/TRACE] [REI] [REIServerPlugin END] Reloading Section: "reloadable-plugin/MenuInfoRegistryImpl/DefaultPluginImpl of DefaultPluginImpl [roughlyenoughitems]/"
[03:58:01] [Worker-Main-1/TRACE] [REI] [REIServerPlugin END] Reloading Section: "reloadable-plugin/MenuInfoRegistryImpl/DefaultPluginImpl of DefaultPluginImpl [roughlyenoughitems]/" done in 29.54 μs
[03:58:01] [Worker-Main-1/TRACE] [REI] [REIServerPlugin END] Reloading Section: "reloadable-plugin/MenuInfoRegistryImpl/DefaultRuntimePlugin of DefaultRuntimePlugin [roughlyenoughitems]/"
[03:58:01] [Worker-Main-1/TRACE] [REI] [REIServerPlugin END] Reloading Section: "reloadable-plugin/MenuInfoRegistryImpl/DefaultRuntimePlugin of DefaultRuntimePlugin [roughlyenoughitems]/" done in 15.27 μs
[03:58:01] [Worker-Main-1/TRACE] [REI] [REIServerPlugin END] Reloading Section: "reloadable-plugin/MenuInfoRegistryImpl/" done in 617.0 μs
[03:58:01] [Worker-Main-1/TRACE] [REI] [REIServerPlugin END] Reloading Section: "reloadable-plugin/SlotAccessorRegistryImpl/"
[03:58:01] [Worker-Main-1/TRACE] [REI] [REIServerPlugin END] Reloading Section: "reloadable-plugin/SlotAccessorRegistryImpl/DefaultPluginImpl of DefaultPluginImpl [roughlyenoughitems]/"
[03:58:01] [Worker-Main-1/TRACE] [REI] [REIServerPlugin END] Reloading Section: "reloadable-plugin/SlotAccessorRegistryImpl/DefaultPluginImpl of DefaultPluginImpl [roughlyenoughitems]/" done in 25.19 μs
[03:58:01] [Worker-Main-1/TRACE] [REI] [REIServerPlugin END] Reloading Section: "reloadable-plugin/SlotAccessorRegistryImpl/DefaultRuntimePlugin of DefaultRuntimePlugin [roughlyenoughitems]/"
[03:58:01] [Worker-Main-1/DEBUG] [REI] Added slot accessor serializer: me.shedaniel.rei.plugin.common.runtime.DefaultRuntimePlugin$1@3445536c [roughlyenoughitems:vanilla]
[03:58:01] [Worker-Main-1/DEBUG] [REI] Added slot accessor serializer: me.shedaniel.rei.plugin.common.runtime.DefaultRuntimePlugin$2@757f8daa [roughlyenoughitems:player]
[03:58:01] [Worker-Main-1/TRACE] [REI] [REIServerPlugin END] Reloading Section: "reloadable-plugin/SlotAccessorRegistryImpl/DefaultRuntimePlugin of DefaultRuntimePlugin [roughlyenoughitems]/" done in 2.710 ms
[03:58:01] [Worker-Main-1/TRACE] [REI] [REIServerPlugin END] Reloading Section: "reloadable-plugin/SlotAccessorRegistryImpl/" done in 3.284 ms
[03:58:01] [Worker-Main-1/DEBUG] [REI] ========================================
[03:58:01] [Worker-Main-1/DEBUG] [REI] REIServerPlugin ending main-reload for END.
[03:58:01] [Worker-Main-1/DEBUG] [REI] ========================================
[03:58:01] [Worker-Main-1/TRACE] [REI] [REIServerPlugin END] Reloading Section: "end-reload/"
[03:58:01] [Worker-Main-1/TRACE] [REI] [REIServerPlugin END] Reloading Section: "end-reload/MenuInfoRegistryImpl/"
[03:58:01] [Worker-Main-1/DEBUG] [REI] Registered 0 menu infos
[03:58:01] [Worker-Main-1/TRACE] [REI] [REIServerPlugin END] Reloading Section: "end-reload/MenuInfoRegistryImpl/" done in 236.5 μs
[03:58:01] [Worker-Main-1/TRACE] [REI] [REIServerPlugin END] Reloading Section: "end-reload/SlotAccessorRegistryImpl/"
[03:58:01] [Worker-Main-1/DEBUG] [REI] Registered 2 slot accessor serializers
[03:58:01] [Worker-Main-1/TRACE] [REI] [REIServerPlugin END] Reloading Section: "end-reload/SlotAccessorRegistryImpl/" done in 175.4 μs
[03:58:01] [Worker-Main-1/TRACE] [REI] [REIServerPlugin END] Reloading Section: "end-reload/" done in 1.016 ms
[03:58:01] [Worker-Main-1/DEBUG] [REI] ========================================
[03:58:01] [Worker-Main-1/DEBUG] [REI] REIServerPlugin ended main-reload for END in 10.28 ms.
[03:58:01] [Worker-Main-1/DEBUG] [REI] ========================================
[03:58:01] [Worker-Main-1/DEBUG] [REI] ========================================
[03:58:01] [Worker-Main-1/DEBUG] [REI] REIPlugin starting post-reload for END.
[03:58:01] [Worker-Main-1/DEBUG] [REI] Reloadables (7):
[03:58:01] [Worker-Main-1/DEBUG] [REI]  - EntryTypeRegistryImpl
[03:58:01] [Worker-Main-1/DEBUG] [REI]  - EntrySettingsAdapterRegistryImpl
[03:58:01] [Worker-Main-1/DEBUG] [REI]  - RecipeManagerContextImpl
[03:58:01] [Worker-Main-1/DEBUG] [REI]  - ItemComparatorRegistryImpl
[03:58:01] [Worker-Main-1/DEBUG] [REI]  - FluidComparatorRegistryImpl
[03:58:01] [Worker-Main-1/DEBUG] [REI]  - DisplaySerializerRegistryImpl
[03:58:01] [Worker-Main-1/DEBUG] [REI]  - FluidSupportProviderImpl
[03:58:01] [Worker-Main-1/DEBUG] [REI] Plugins (2):
[03:58:01] [Worker-Main-1/DEBUG] [REI]  - (-100.00) DefaultPluginImpl of DefaultPluginImpl [roughlyenoughitems]
[03:58:01] [Worker-Main-1/DEBUG] [REI]  - (0.00) DefaultRuntimePlugin of DefaultRuntimePlugin [roughlyenoughitems]
[03:58:01] [Worker-Main-1/DEBUG] [REI] ========================================
[03:58:01] [Worker-Main-1/TRACE] [REI] [REIPlugin END] Reloading Section: "post-register/"
[03:58:01] [Worker-Main-1/TRACE] [REI] [REIPlugin END] Reloading Section: "post-register/DefaultPluginImpl of DefaultPluginImpl [roughlyenoughitems]/"
[03:58:01] [Worker-Main-1/TRACE] [REI] [REIPlugin END] Reloading Section: "post-register/DefaultPluginImpl of DefaultPluginImpl [roughlyenoughitems]/" done in 16.86 μs
[03:58:01] [Worker-Main-1/TRACE] [REI] [REIPlugin END] Reloading Section: "post-register/DefaultRuntimePlugin of DefaultRuntimePlugin [roughlyenoughitems]/"
[03:58:01] [Worker-Main-1/TRACE] [REI] [REIPlugin END] Reloading Section: "post-register/DefaultRuntimePlugin of DefaultRuntimePlugin [roughlyenoughitems]/" done in 10.90 μs
[03:58:01] [Worker-Main-1/TRACE] [REI] [REIPlugin END] Reloading Section: "post-register/" done in 624.5 μs
[03:58:01] [Worker-Main-1/TRACE] [REI] [REIPlugin END] Reloading Section: "post-stage/"
[03:58:01] [Worker-Main-1/TRACE] [REI] [REIPlugin END] Reloading Section: "post-stage/EntryTypeRegistryImpl/"
[03:58:01] [Worker-Main-1/TRACE] [REI] [REIPlugin END] Reloading Section: "post-stage/EntryTypeRegistryImpl/" done in 7.234 μs
[03:58:01] [Worker-Main-1/TRACE] [REI] [REIPlugin END] Reloading Section: "post-stage/EntrySettingsAdapterRegistryImpl/"
[03:58:01] [Worker-Main-1/TRACE] [REI] [REIPlugin END] Reloading Section: "post-stage/EntrySettingsAdapterRegistryImpl/" done in 6.692 μs
[03:58:01] [Worker-Main-1/TRACE] [REI] [REIPlugin END] Reloading Section: "post-stage/RecipeManagerContextImpl/"
[03:58:01] [Worker-Main-1/TRACE] [REI] [REIPlugin END] Reloading Section: "post-stage/RecipeManagerContextImpl/" done in 5.841 μs
[03:58:01] [Worker-Main-1/TRACE] [REI] [REIPlugin END] Reloading Section: "post-stage/ItemComparatorRegistryImpl/"
[03:58:01] [Worker-Main-1/TRACE] [REI] [REIPlugin END] Reloading Section: "post-stage/ItemComparatorRegistryImpl/" done in 5.590 μs
[03:58:01] [Worker-Main-1/TRACE] [REI] [REIPlugin END] Reloading Section: "post-stage/FluidComparatorRegistryImpl/"
[03:58:01] [Worker-Main-1/TRACE] [REI] [REIPlugin END] Reloading Section: "post-stage/FluidComparatorRegistryImpl/" done in 5.320 μs
[03:58:01] [Worker-Main-1/TRACE] [REI] [REIPlugin END] Reloading Section: "post-stage/DisplaySerializerRegistryImpl/"
[03:58:01] [Worker-Main-1/TRACE] [REI] [REIPlugin END] Reloading Section: "post-stage/DisplaySerializerRegistryImpl/" done in 5.390 μs
[03:58:01] [Worker-Main-1/TRACE] [REI] [REIPlugin END] Reloading Section: "post-stage/FluidSupportProviderImpl/"
[03:58:01] [Worker-Main-1/TRACE] [REI] [REIPlugin END] Reloading Section: "post-stage/FluidSupportProviderImpl/" done in 5.279 μs
[03:58:01] [Worker-Main-1/TRACE] [REI] [REIPlugin END] Reloading Section: "post-stage/" done in 2.269 ms
[03:58:01] [Worker-Main-1/DEBUG] [REI] ========================================
[03:58:01] [Worker-Main-1/INFO] [REI] REIPlugin finished post-reload for END in 4.002 ms, totaling 73.25 ms.
[03:58:01] [Worker-Main-1/DEBUG] [REI] ========================================
[03:58:01] [Worker-Main-1/DEBUG] [REI] ========================================
[03:58:01] [Worker-Main-1/DEBUG] [REI] REIServerPlugin starting post-reload for END.
[03:58:01] [Worker-Main-1/DEBUG] [REI] Reloadables (2):
[03:58:01] [Worker-Main-1/DEBUG] [REI]  - MenuInfoRegistryImpl
[03:58:01] [Worker-Main-1/DEBUG] [REI]  - SlotAccessorRegistryImpl
[03:58:01] [Worker-Main-1/DEBUG] [REI] Plugins (2):
[03:58:01] [Worker-Main-1/DEBUG] [REI]  - (-100.00) DefaultPluginImpl of DefaultPluginImpl [roughlyenoughitems]
[03:58:01] [Worker-Main-1/DEBUG] [REI]  - (0.00) DefaultRuntimePlugin of DefaultRuntimePlugin [roughlyenoughitems]
[03:58:01] [Worker-Main-1/DEBUG] [REI] ========================================
[03:58:01] [Worker-Main-1/TRACE] [REI] [REIServerPlugin END] Reloading Section: "post-register/"
[03:58:01] [Worker-Main-1/TRACE] [REI] [REIServerPlugin END] Reloading Section: "post-register/DefaultPluginImpl of DefaultPluginImpl [roughlyenoughitems]/"
[03:58:01] [Worker-Main-1/TRACE] [REI] [REIServerPlugin END] Reloading Section: "post-register/DefaultPluginImpl of DefaultPluginImpl [roughlyenoughitems]/" done in 11.56 μs
[03:58:01] [Worker-Main-1/TRACE] [REI] [REIServerPlugin END] Reloading Section: "post-register/DefaultRuntimePlugin of DefaultRuntimePlugin [roughlyenoughitems]/"
[03:58:01] [Worker-Main-1/TRACE] [REI] [REIServerPlugin END] Reloading Section: "post-register/DefaultRuntimePlugin of DefaultRuntimePlugin [roughlyenoughitems]/" done in 9.387 μs
[03:58:01] [Worker-Main-1/TRACE] [REI] [REIServerPlugin END] Reloading Section: "post-register/" done in 560.4 μs
[03:58:01] [Worker-Main-1/TRACE] [REI] [REIServerPlugin END] Reloading Section: "post-stage/"
[03:58:01] [Worker-Main-1/TRACE] [REI] [REIServerPlugin END] Reloading Section: "post-stage/MenuInfoRegistryImpl/"
[03:58:01] [Worker-Main-1/TRACE] [REI] [REIServerPlugin END] Reloading Section: "post-stage/MenuInfoRegistryImpl/" done in 6.652 μs
[03:58:01] [Worker-Main-1/TRACE] [REI] [REIServerPlugin END] Reloading Section: "post-stage/SlotAccessorRegistryImpl/"
[03:58:01] [Worker-Main-1/TRACE] [REI] [REIServerPlugin END] Reloading Section: "post-stage/SlotAccessorRegistryImpl/" done in 5.370 μs
[03:58:01] [Worker-Main-1/TRACE] [REI] [REIServerPlugin END] Reloading Section: "post-stage/" done in 528.8 μs
[03:58:01] [Worker-Main-1/DEBUG] [REI] ========================================
[03:58:01] [Worker-Main-1/INFO] [REI] REIServerPlugin finished post-reload for END in 1.580 ms, totaling 13.49 ms.
[03:58:01] [Worker-Main-1/DEBUG] [REI] ========================================
